#
# A fatal error has been detected by the Java Runtime Environment:
#
#  SIGSEGV (0xb) at pc=0x00007fff5da4224e, pid=53143, tid=0x0000000000015f17
#
# JRE version: OpenJDK Runtime Environment (8.0_242-b08) (build 1.8.0_242-b08)
# Java VM: OpenJDK 64-Bit Server VM (25.242-b08 mixed mode bsd-amd64 compressed oops)
# Problematic frame:
# C  [libSC.dylib+0x12b24e]  CFG::ProcessCRet()+0x20e
#
# Failed to write core dump. Core dumps have been disabled. To enable core dumping, try "ulimit -c unlimited" before starting Java again
#
# If you would like to submit a bug report, please visit:
#   http://bugreport.java.com/bugreport/crash.jsp
# The crash happened outside the Java Virtual Machine in native code.
# See problematic frame for where to report the bug.
#

---------------  T H R E A D  ---------------

Current thread (0x00007fa4cfa0c800):  JavaThread "main @coroutine#3882" [_thread_in_native, id=89879, stack(0x000070000ad52000,0x000070000ae52000)]

siginfo: si_signo: 11 (SIGSEGV), si_code: 1 (SEGV_MAPERR), si_addr: 0x00000000000002ca

Registers:
RAX=0x0000000000000000, RBX=0x0000000000000000, RCX=0x0000000000000001, RDX=0x00007fa48f22d400
RSP=0x000070000ae47c80, RBP=0x000070000ae47d00, RSI=0x0000000000000000, RDI=0x00007fa48f21e888
R8 =0x0000000000000000, R9 =0x0000000000000000, R10=0x0000000000000004, R11=0x00000000000575e0
R12=0x00000000fffffef9, R13=0x00007fa48f219f38, R14=0x00007fa48f29f740, R15=0x000070000ae47cd7
RIP=0x00007fff5da4224e, EFLAGS=0x0000000000010202, ERR=0x0000000000000004
  TRAPNO=0x000000000000000e

Top of Stack: (sp=0x000070000ae47c80)
0x000070000ae47c80:   00007fa48f2c0ac8 00007fa488eb6ad0
0x000070000ae47c90:   00007fa48f2c8218 00007fa48f219f38
0x000070000ae47ca0:   00007fa48f2bfc28 00007fa48f2c0b90
0x000070000ae47cb0:   00007fa48f29e558 00007fa48f2c0b98
0x000070000ae47cc0:   00007fa48f29de68 00007fa48b0e5c00
0x000070000ae47cd0:   000070000ae484b0 00007fa48f219f38
0x000070000ae47ce0:   00007fa48b0e5c00 00007fa48f21e6e8
0x000070000ae47cf0:   0000000000000001 00007fa488eb6ad0
0x000070000ae47d00:   000070000ae47d30 00007fff5d9fac95
0x000070000ae47d10:   38b3e78845430098 00007fa48f21e6f0
0x000070000ae47d20:   00007fa48f209d30 00007fa48eb39d10
0x000070000ae47d30:   000070000ae47e50 00007fff5da047bd
0x000070000ae47d40:   0000000000000001 000000010d7ee000
0x000070000ae47d50:   0000000000000001 0000000000000000
0x000070000ae47d60:   00007fff88aac000 00000000ffffffff
0x000070000ae47d70:   00007fa48b0e5c00 00007fa48b0e5c00
0x000070000ae47d80:   000070000ae47dc0 00007fa48f208210
0x000070000ae47d90:   00007fa48f200218 00007fa48b0e5c00
0x000070000ae47da0:   0000000000007f00 0000000000000000
0x000070000ae47db0:   00007fa48eb39c10 0000000000007f10
0x000070000ae47dc0:   000070000ae47de0 00007fa48b0d50a0
0x000070000ae47dd0:   0000000000000000 00007fa48f208218
0x000070000ae47de0:   000070000ae47e20 00007fff5d9f0a19
0x000070000ae47df0:   0000000000000001 00007fa48eb39c10
0x000070000ae47e00:   0000000000000004 00007fa48b0e5e40
0x000070000ae47e10:   00007fa48b0d50a0 00007fa48b0e5c00
0x000070000ae47e20:   000070000ae47e50 00007fa48b0e5c00
0x000070000ae47e30:   00007fa48b0e67b8 00007fa48b0e5e40
0x000070000ae47e40:   00007fa48b0d50a0 000070000ae4c118
0x000070000ae47e50:   000070000ae47e90 00007fff5da05a09
0x000070000ae47e60:   00007fff8c965948 00007fa48b0e5c00
0x000070000ae47e70:   000070000ae4c118 00007fa48b0d4e00 

Instructions: (pc=0x00007fff5da4224e)
0x00007fff5da4222e:   00 4c 8d 7d d7 66 2e 0f 1f 84 00 00 00 00 00 0f
0x00007fff5da4223e:   1f 00 48 89 df 4c 89 fe e8 d5 ec ff ff 48 89 c3
0x00007fff5da4224e:   80 b8 ca 02 00 00 00 74 e9 4c 8b 6d a8 41 83 7d
0x00007fff5da4225e:   0c 00 4c 8b 65 b8 74 27 45 31 ff 0f 1f 80 00 00 

Register to memory mapping:

RAX=0x0000000000000000 is an unknown value
RBX=0x0000000000000000 is an unknown value
RCX=0x0000000000000001 is an unknown value
RDX=0x00007fa48f22d400 is an unknown value
RSP=0x000070000ae47c80 is pointing into the stack for thread: 0x00007fa4cfa0c800
RBP=0x000070000ae47d00 is pointing into the stack for thread: 0x00007fa4cfa0c800
RSI=0x0000000000000000 is an unknown value
RDI=0x00007fa48f21e888 is an unknown value
R8 =0x0000000000000000 is an unknown value
R9 =0x0000000000000000 is an unknown value
R10=0x0000000000000004 is an unknown value
R11=0x00000000000575e0 is an unknown value
R12=0x00000000fffffef9 is an unknown value
R13=0x00007fa48f219f38 is an unknown value
R14=0x00007fa48f29f740 is an unknown value
R15=0x000070000ae47cd7 is pointing into the stack for thread: 0x00007fa4cfa0c800


Stack: [0x000070000ad52000,0x000070000ae52000],  sp=0x000070000ae47c80,  free space=983k
Native frames: (J=compiled Java code, j=interpreted, Vv=VM code, C=native code)
C  [libSC.dylib+0x12b24e]  CFG::ProcessCRet()+0x20e
C  [libSC.dylib+0xe3c95]  CFG::PostExpansionProcessing()+0x265
C  [libSC.dylib+0xed7bd]  Compiler::Compile(ILProgram*)+0x6ad
C  [libSC.dylib+0xeea09]  Compiler::CompileShader(unsigned char*, unsigned char*, unsigned int const*)+0x309
C  [libSC.dylib+0x7d4ffa]  SCCompileShader+0x12a
C  [AMDRadeonX6000GLDriver+0x27848]  glrAMD_GFX10_SCCompileHwPixelShader+0x35e
C  [AMDRadeonX6000GLDriver+0x5ea49]  glrAMD_Hwl_CompileFragmentShader+0xb1
C  [AMDRadeonX6000GLDriver+0x835f]  glrUpdateCtxSysFragmentProgram+0x558
C  [AMDRadeonX6000GLDriver+0x2df98]  gpusLoadCurrentPipelinePrograms+0x1148
C  [AMDRadeonX6000GLDriver+0xc3b0]  gldUpdateDispatch+0x7c4
C  [GLEngine+0xe776f]  gleDoDrawDispatchCoreGL3+0x2b2
C  [GLEngine+0xae940]  gleDrawArraysOrElements_Entries_Body+0x97
C  [GLEngine+0xab4cf]  glDrawElements_GL3Exec+0xe3
C  [libjogl_desktop.jnilib+0x286d1]  Java_jogamp_opengl_gl4_GL4bcImpl_dispatch_1glDrawElements1__IIIJJ+0x41
j  jogamp.opengl.gl4.GL4bcImpl.dispatch_glDrawElements1(IIIJJ)V+0
j  jogamp.opengl.gl4.GL4bcImpl.glDrawElements(IIIJ)V+53
j  graphics.scenery.backends.opengl.OpenGLRenderer.drawNode(Lgraphics/scenery/Node;ILjava/lang/Integer;)V+239
j  graphics.scenery.backends.opengl.OpenGLRenderer.drawNode$default(Lgraphics/scenery/backends/opengl/OpenGLRenderer;Lgraphics/scenery/Node;ILjava/lang/Integer;ILjava/lang/Object;)V+41
j  graphics.scenery.backends.opengl.OpenGLRenderer.renderFullscreenQuad(Lgraphics/scenery/backends/opengl/OpenGLShaderProgram;)V+179
J 6407 C1 graphics.scenery.backends.opengl.OpenGLRenderer$renderInternal$1.invokeSuspend(Ljava/lang/Object;)Ljava/lang/Object; (7941 bytes) @ 0x0000000118560c7c [0x00000001185430c0+0x1dbbc]
J 6526 C1 kotlin.coroutines.jvm.internal.BaseContinuationImpl.resumeWith(Ljava/lang/Object;)V (142 bytes) @ 0x0000000118653644 [0x00000001186532e0+0x364]
J 8237 C1 kotlinx.coroutines.DispatchedTask.run()V (580 bytes) @ 0x0000000118c6710c [0x0000000118c65ea0+0x126c]
J 8223 C2 kotlinx.coroutines.EventLoopImplBase.processNextEvent()J (213 bytes) @ 0x0000000118c70a44 [0x0000000118c70800+0x244]
j  kotlinx.coroutines.BlockingCoroutine.joinBlocking()Ljava/lang/Object;+87
J 6470 C1 kotlinx.coroutines.BuildersKt__BuildersKt.runBlocking(Lkotlin/coroutines/CoroutineContext;Lkotlin/jvm/functions/Function2;)Ljava/lang/Object; (170 bytes) @ 0x000000011861cdec [0x000000011861bb80+0x126c]
J 6453 C1 graphics.scenery.backends.opengl.OpenGLRenderer.display(Lcom/jogamp/opengl/GLAutoDrawable;)V (263 bytes) @ 0x0000000118620d94 [0x000000011861dea0+0x2ef4]
J 6452 C1 jogamp.opengl.GLDrawableHelper.displayImpl(Lcom/jogamp/opengl/GLAutoDrawable;)V (86 bytes) @ 0x000000011860aaac [0x0000000118609c20+0xe8c]
J 6450 C1 jogamp.opengl.GLAutoDrawableBase$2.run()V (73 bytes) @ 0x00000001186092ec [0x0000000118608f00+0x3ec]
J 6446 C1 jogamp.opengl.GLDrawableHelper.invokeGLImpl(Lcom/jogamp/opengl/GLDrawable;Lcom/jogamp/opengl/GLContext;Ljava/lang/Runnable;Ljava/lang/Runnable;)V (579 bytes) @ 0x000000011860e1ec [0x000000011860d3a0+0xe4c]
J 6445 C1 jogamp.opengl.GLDrawableHelper.invokeGL(Lcom/jogamp/opengl/GLDrawable;Lcom/jogamp/opengl/GLContext;Ljava/lang/Runnable;Ljava/lang/Runnable;)V (76 bytes) @ 0x00000001181584c4 [0x0000000118158400+0xc4]
J 6274 C1 com.jogamp.newt.opengl.GLWindow.display()V (144 bytes) @ 0x0000000117d35794 [0x0000000117d34ee0+0x8b4]
J 5890 C1 com.jogamp.opengl.util.AWTAnimatorImpl.display(Ljava/util/ArrayList;ZZ)V (170 bytes) @ 0x0000000117557134 [0x00000001175568e0+0x854]
J 5854 C1 com.jogamp.opengl.util.AnimatorBase.display()V (29 bytes) @ 0x0000000117a8842c [0x0000000117a88360+0xcc]
j  com.jogamp.opengl.util.Animator$MainLoop.run()V+494
j  java.lang.Thread.run()V+11
v  ~StubRoutines::call_stub
V  [libjvm.dylib+0x2e3fa7]  JavaCalls::call_helper(JavaValue*, methodHandle*, JavaCallArguments*, Thread*)+0x6a7
V  [libjvm.dylib+0x2e474e]  JavaCalls::call_virtual(JavaValue*, KlassHandle, Symbol*, Symbol*, JavaCallArguments*, Thread*)+0x164
V  [libjvm.dylib+0x2e48fa]  JavaCalls::call_virtual(JavaValue*, Handle, KlassHandle, Symbol*, Symbol*, Thread*)+0x4a
V  [libjvm.dylib+0x3232ac]  thread_entry(JavaThread*, Thread*)+0x7c
V  [libjvm.dylib+0x541d0d]  JavaThread::thread_main_inner()+0x9b
V  [libjvm.dylib+0x5433f6]  JavaThread::run()+0x1c0
V  [libjvm.dylib+0x46529a]  java_start(Thread*)+0xf6
C  [libsystem_pthread.dylib+0x6950]  _pthread_start+0xe0
C  [libsystem_pthread.dylib+0x247b]  thread_start+0xf
C  0x0000000000000000

Java frames: (J=compiled Java code, j=interpreted, Vv=VM code)
j  jogamp.opengl.gl4.GL4bcImpl.dispatch_glDrawElements1(IIIJJ)V+0
j  jogamp.opengl.gl4.GL4bcImpl.glDrawElements(IIIJ)V+53
j  graphics.scenery.backends.opengl.OpenGLRenderer.drawNode(Lgraphics/scenery/Node;ILjava/lang/Integer;)V+239
j  graphics.scenery.backends.opengl.OpenGLRenderer.drawNode$default(Lgraphics/scenery/backends/opengl/OpenGLRenderer;Lgraphics/scenery/Node;ILjava/lang/Integer;ILjava/lang/Object;)V+41
j  graphics.scenery.backends.opengl.OpenGLRenderer.renderFullscreenQuad(Lgraphics/scenery/backends/opengl/OpenGLShaderProgram;)V+179
J 6407 C1 graphics.scenery.backends.opengl.OpenGLRenderer$renderInternal$1.invokeSuspend(Ljava/lang/Object;)Ljava/lang/Object; (7941 bytes) @ 0x0000000118560c7c [0x00000001185430c0+0x1dbbc]
J 6526 C1 kotlin.coroutines.jvm.internal.BaseContinuationImpl.resumeWith(Ljava/lang/Object;)V (142 bytes) @ 0x0000000118653644 [0x00000001186532e0+0x364]
J 8237 C1 kotlinx.coroutines.DispatchedTask.run()V (580 bytes) @ 0x0000000118c6710c [0x0000000118c65ea0+0x126c]
J 8223 C2 kotlinx.coroutines.EventLoopImplBase.processNextEvent()J (213 bytes) @ 0x0000000118c70a44 [0x0000000118c70800+0x244]
j  kotlinx.coroutines.BlockingCoroutine.joinBlocking()Ljava/lang/Object;+87
J 6470 C1 kotlinx.coroutines.BuildersKt__BuildersKt.runBlocking(Lkotlin/coroutines/CoroutineContext;Lkotlin/jvm/functions/Function2;)Ljava/lang/Object; (170 bytes) @ 0x000000011861cdec [0x000000011861bb80+0x126c]
J 6453 C1 graphics.scenery.backends.opengl.OpenGLRenderer.display(Lcom/jogamp/opengl/GLAutoDrawable;)V (263 bytes) @ 0x0000000118620d94 [0x000000011861dea0+0x2ef4]
J 6452 C1 jogamp.opengl.GLDrawableHelper.displayImpl(Lcom/jogamp/opengl/GLAutoDrawable;)V (86 bytes) @ 0x000000011860aaac [0x0000000118609c20+0xe8c]
J 6450 C1 jogamp.opengl.GLAutoDrawableBase$2.run()V (73 bytes) @ 0x00000001186092ec [0x0000000118608f00+0x3ec]
J 6446 C1 jogamp.opengl.GLDrawableHelper.invokeGLImpl(Lcom/jogamp/opengl/GLDrawable;Lcom/jogamp/opengl/GLContext;Ljava/lang/Runnable;Ljava/lang/Runnable;)V (579 bytes) @ 0x000000011860e1ec [0x000000011860d3a0+0xe4c]
J 6445 C1 jogamp.opengl.GLDrawableHelper.invokeGL(Lcom/jogamp/opengl/GLDrawable;Lcom/jogamp/opengl/GLContext;Ljava/lang/Runnable;Ljava/lang/Runnable;)V (76 bytes) @ 0x00000001181584c4 [0x0000000118158400+0xc4]
J 6274 C1 com.jogamp.newt.opengl.GLWindow.display()V (144 bytes) @ 0x0000000117d35794 [0x0000000117d34ee0+0x8b4]
J 5890 C1 com.jogamp.opengl.util.AWTAnimatorImpl.display(Ljava/util/ArrayList;ZZ)V (170 bytes) @ 0x0000000117557134 [0x00000001175568e0+0x854]
J 5854 C1 com.jogamp.opengl.util.AnimatorBase.display()V (29 bytes) @ 0x0000000117a8842c [0x0000000117a88360+0xcc]
j  com.jogamp.opengl.util.Animator$MainLoop.run()V+494
j  java.lang.Thread.run()V+11
v  ~StubRoutines::call_stub

---------------  P R O C E S S  ---------------

Java Threads: ( => current thread )
  0x00007fa48e368800 JavaThread "ForkJoinPool.commonPool-worker-7" daemon [_thread_blocked, id=102147, stack(0x000070000c291000,0x000070000c391000)]
  0x00007fa4c9023800 JavaThread "ForkJoinPool.commonPool-worker-5" daemon [_thread_blocked, id=115971, stack(0x000070000c18e000,0x000070000c28e000)]
  0x00007fa498066800 JavaThread "ForkJoinPool.commonPool-worker-14" daemon [_thread_blocked, id=101639, stack(0x000070000c08b000,0x000070000c18b000)]
  0x00007fa48f81f800 JavaThread "ForkJoinPool.commonPool-worker-10" daemon [_thread_blocked, id=101383, stack(0x000070000bf88000,0x000070000c088000)]
  0x00007fa4c9022800 JavaThread "ForkJoinPool.commonPool-worker-12" daemon [_thread_blocked, id=99591, stack(0x000070000be85000,0x000070000bf85000)]
  0x00007fa48b96a800 JavaThread "ForkJoinPool.commonPool-worker-8" daemon [_thread_blocked, id=100359, stack(0x000070000bd82000,0x000070000be82000)]
  0x00007fa500ad7000 JavaThread "ForkJoinPool.commonPool-worker-3" daemon [_thread_blocked, id=116999, stack(0x000070000bc7f000,0x000070000bd7f000)]
  0x00007fa4f87df800 JavaThread "ForkJoinPool.commonPool-worker-1" daemon [_thread_blocked, id=121095, stack(0x000070000bb7c000,0x000070000bc7c000)]
  0x00007fa48a378000 JavaThread "ForkJoinPool.commonPool-worker-6" daemon [_thread_blocked, id=100871, stack(0x000070000ba79000,0x000070000bb79000)]
  0x00007fa48b969800 JavaThread "ForkJoinPool.commonPool-worker-15" daemon [_thread_blocked, id=97799, stack(0x000070000b976000,0x000070000ba76000)]
  0x00007fa48a377000 JavaThread "ForkJoinPool.commonPool-worker-13" daemon [_thread_blocked, id=121607, stack(0x000070000b873000,0x000070000b973000)]
  0x00007fa48a8a6800 JavaThread "ForkJoinPool.commonPool-worker-4" daemon [_thread_blocked, id=121863, stack(0x000070000b770000,0x000070000b870000)]
  0x00007fa48a376800 JavaThread "ForkJoinPool.commonPool-worker-11" daemon [_thread_blocked, id=118535, stack(0x000070000b66d000,0x000070000b76d000)]
  0x00007fa48a8a5800 JavaThread "ForkJoinPool.commonPool-worker-2" daemon [_thread_blocked, id=120583, stack(0x000070000b56a000,0x000070000b66a000)]
  0x00007fa48980d000 JavaThread "ForkJoinPool.commonPool-worker-9" daemon [_thread_blocked, id=97395, stack(0x000070000b467000,0x000070000b567000)]
  0x00007fa5004a8000 JavaThread "DefaultDispatcher-worker-2" daemon [_thread_blocked, id=91415, stack(0x000070000b364000,0x000070000b464000)]
  0x00007fa498066000 JavaThread "DefaultDispatcher-worker-1" daemon [_thread_blocked, id=125971, stack(0x000070000b261000,0x000070000b361000)]
  0x00007fa4bf840000 JavaThread "Thread-13" [_thread_blocked, id=84571, stack(0x000070000b15e000,0x000070000b25e000)]
  0x00007fa48e068000 JavaThread "SciJava-4ec0229c-Thread-0" [_thread_blocked, id=87055, stack(0x000070000b05b000,0x000070000b15b000)]
  0x00007fa4cfac8000 JavaThread "process reaper" daemon [_thread_blocked, id=116787, stack(0x0000700009e1c000,0x0000700009e44000)]
  0x00007fa48bab4000 JavaThread "Thread-12" [_thread_blocked, id=96027, stack(0x000070000af58000,0x000070000b058000)]
  0x00007fa501e5e800 JavaThread "pool-1-thread-1" [_thread_blocked, id=130907, stack(0x000070000aa49000,0x000070000ab49000)]
  0x00007fa501e51800 JavaThread "Timer-3" [_thread_blocked, id=94391, stack(0x000070000ae55000,0x000070000af55000)]
  0x00007fa4cf967000 JavaThread "Thread-8" daemon [_thread_in_native, id=44035, stack(0x0000700009fa5000,0x000070000a025000)]
=>0x00007fa4cfa0c800 JavaThread "main @coroutine#3882" [_thread_in_native, id=89879, stack(0x000070000ad52000,0x000070000ae52000)]
  0x00007fa501933800 JavaThread "main @coroutine#1-Display-.macosx_nil-1-EDT-1" daemon [_thread_blocked, id=88091, stack(0x000070000ac4f000,0x000070000ad4f000)]
  0x00007fa501926800 JavaThread "Timer-2" [_thread_blocked, id=87823, stack(0x000070000ab4c000,0x000070000ac4c000)]
  0x00007fa500ad8000 JavaThread "SciJava-7a24eb3-Thread-1" [_thread_blocked, id=67379, stack(0x000070000a946000,0x000070000aa46000)]
  0x00007fa4cfa3e000 JavaThread "SciJava-7a24eb3-Thread-0" [_thread_blocked, id=1555, stack(0x000070000a843000,0x000070000a943000)]
  0x00007fa500a32000 JavaThread "pool-3-thread-1" [_thread_blocked, id=63235, stack(0x000070000a740000,0x000070000a840000)]
  0x00007fa4efaec000 JavaThread "TimerQueue" daemon [_thread_blocked, id=63015, stack(0x000070000a63d000,0x000070000a73d000)]
  0x00007fa4efaf1000 JavaThread "AWT-EventQueue-0" [_thread_blocked, id=34083, stack(0x000070000a334000,0x000070000a434000)]
  0x00007fa4efbec000 JavaThread "AWT-Shutdown" [_thread_blocked, id=62247, stack(0x0000700009d19000,0x0000700009e19000)]
  0x00007fa4e82b2000 JavaThread "Timer-0" daemon [_thread_blocked, id=70187, stack(0x000070000a53a000,0x000070000a63a000)]
  0x00007fa4cfa42000 JavaThread "pool-2-thread-1" [_thread_blocked, id=70915, stack(0x000070000a437000,0x000070000a537000)]
  0x00007fa4ffd1d000 JavaThread "Java2D Disposer" daemon [_thread_blocked, id=61699, stack(0x000070000a231000,0x000070000a331000)]
  0x00007fa5003ca000 JavaThread "Java2D Queue Flusher" daemon [_thread_blocked, id=73495, stack(0x000070000a12e000,0x000070000a22e000)]
  0x00007fa4ffc45800 JavaThread "Attach Listener" daemon [_thread_blocked, id=36383, stack(0x0000700009c16000,0x0000700009d16000)]
  0x00007fa4cfa3d800 JavaThread "AWT-AppKit" daemon [_thread_in_native, id=775, stack(0x00007ffee1c31000,0x00007ffee2431000)]
  0x00007fa4f801d000 JavaThread "Service Thread" daemon [_thread_blocked, id=40963, stack(0x0000700009a10000,0x0000700009b10000)]
  0x00007fa4ff871000 JavaThread "C1 CompilerThread11" daemon [_thread_blocked, id=25859, stack(0x000070000990d000,0x0000700009a0d000)]
  0x00007fa4ff870800 JavaThread "C1 CompilerThread10" daemon [_thread_blocked, id=25603, stack(0x000070000980a000,0x000070000990a000)]
  0x00007fa4f800c800 JavaThread "C1 CompilerThread9" daemon [_thread_blocked, id=25091, stack(0x0000700009707000,0x0000700009807000)]
  0x00007fa50084b800 JavaThread "C1 CompilerThread8" daemon [_thread_blocked, id=24835, stack(0x0000700009604000,0x0000700009704000)]
  0x00007fa4ff86f800 JavaThread "C2 CompilerThread7" daemon [_thread_blocked, id=24323, stack(0x0000700009501000,0x0000700009601000)]
  0x00007fa4ff86f000 JavaThread "C2 CompilerThread6" daemon [_thread_in_native, id=41731, stack(0x00007000093fe000,0x00007000094fe000)]
  0x00007fa4e8012000 JavaThread "C2 CompilerThread5" daemon [_thread_blocked, id=23811, stack(0x00007000092fb000,0x00007000093fb000)]
  0x00007fa4e8009800 JavaThread "C2 CompilerThread4" daemon [_thread_blocked, id=42243, stack(0x00007000091f8000,0x00007000092f8000)]
  0x00007fa4e8008800 JavaThread "C2 CompilerThread3" daemon [_thread_in_native, id=42499, stack(0x00007000090f5000,0x00007000091f5000)]
  0x00007fa50082b000 JavaThread "C2 CompilerThread2" daemon [_thread_blocked, id=23043, stack(0x0000700008ff2000,0x00007000090f2000)]
  0x00007fa500808800 JavaThread "C2 CompilerThread1" daemon [_thread_blocked, id=43267, stack(0x0000700008eef000,0x0000700008fef000)]
  0x00007fa4cf846800 JavaThread "C2 CompilerThread0" daemon [_thread_blocked, id=22531, stack(0x0000700008dec000,0x0000700008eec000)]
  0x00007fa4cf80e800 JavaThread "Monitor Ctrl-Break" daemon [_thread_in_native, id=22019, stack(0x0000700008ce9000,0x0000700008de9000)]
  0x00007fa501835000 JavaThread "Signal Dispatcher" daemon [_thread_blocked, id=15107, stack(0x0000700008be6000,0x0000700008ce6000)]
  0x00007fa4ef81f800 JavaThread "Finalizer" daemon [_thread_blocked, id=18691, stack(0x00007000089dd000,0x0000700008add000)]
  0x00007fa4ef81d000 JavaThread "Reference Handler" daemon [_thread_blocked, id=13827, stack(0x00007000088da000,0x00007000089da000)]
  0x00007fa4ef809000 JavaThread "main" [_thread_blocked, id=4099, stack(0x00007000079ad000,0x0000700007aad000)]

Other Threads:
  0x00007fa4ff831800 VMThread [stack: 0x00007000087d7000,0x00007000088d7000] [id=13315]
  0x00007fa4cf80a000 WatcherThread [stack: 0x0000700009b13000,0x0000700009c13000] [id=40707]

VM state:not at safepoint (normal execution)

VM Mutex/Monitor currently owned by a thread: None

heap address: 0x00000003c0000000, size: 16384 MB, Compressed Oops mode: Zero based, Oop shift amount: 3
Narrow klass base: 0x0000000000000000, Narrow klass shift: 3
Compressed class space size: 1073741824 Address: 0x00000007c0000000

Heap:
 PSYoungGen      total 399360K, used 261363K [0x000000066ab00000, 0x000000068f900000, 0x00000007c0000000)
  eden space 355840K, 73% used [0x000000066ab00000,0x000000067aa3cfe0,0x0000000680680000)
  from space 43520K, 0% used [0x0000000680680000,0x0000000680680000,0x0000000683100000)
  to   space 61952K, 0% used [0x000000068bc80000,0x000000068bc80000,0x000000068f900000)
 ParOldGen       total 933888K, used 51437K [0x00000003c0000000, 0x00000003f9000000, 0x000000066ab00000)
  object space 933888K, 5% used [0x00000003c0000000,0x00000003c323b548,0x00000003f9000000)
 Metaspace       used 75482K, capacity 77357K, committed 77952K, reserved 1116160K
  class space    used 10934K, capacity 11358K, committed 11392K, reserved 1048576K

Card table byte_map: [0x0000000126131000,0x0000000128132000] byte_map_base: 0x0000000124331000

Marking Bits: (ParMarkBitMap*) 0x0000000116e9a5b0
 Begin Bits: [0x0000000129688000, 0x0000000139688000)
 End Bits:   [0x0000000139688000, 0x0000000149688000)

Polling page: 0x000000010d867000

CodeCache: size=245760Kb used=30249Kb max_used=30249Kb free=215510Kb
 bounds [0x0000000117131000, 0x0000000118ee1000, 0x0000000126131000]
 total_blobs=9642 nmethods=7885 adapters=1667
 compilation: enabled

Compilation events (10 events):
Event: 13.933 Thread 0x00007fa4cf846800 nmethod 8754 0x0000000118ec9590 code [0x0000000118ec96e0, 0x0000000118ec9818]
Event: 13.939 Thread 0x00007fa4f800c800 8755       3       jogamp.opengl.gl4.GL4bcImpl::glGetError (42 bytes)
Event: 13.939 Thread 0x00007fa4ff871000 8757       3       jogamp.opengl.GLBufferStateTracker::getBoundBufferObject (221 bytes)
Event: 13.940 Thread 0x00007fa4ff871000 nmethod 8757 0x0000000118ed5b10 code [0x0000000118ed5ce0, 0x0000000118ed6318]
Event: 13.940 Thread 0x00007fa4f800c800 nmethod 8755 0x0000000118ed4310 code [0x0000000118ed4560, 0x0000000118ed52a8]
Event: 13.953 Thread 0x00007fa4ff86f000 8758 %     4       graphics.scenery.SceneryBase::sceneryMain$suspendImpl @ 2263 (3509 bytes)
Event: 13.957 Thread 0x00007fa50084b800 8759       1       graphics.scenery.Mesh::getVertexSize (5 bytes)
Event: 13.957 Thread 0x00007fa50084b800 nmethod 8759 0x0000000118ec8f50 code [0x0000000118ec90a0, 0x0000000118ec91b0]
Event: 13.961 Thread 0x00007fa4ff870800 8760       1       com.jogamp.common.util.VersionNumber::getMajor (5 bytes)
Event: 13.961 Thread 0x00007fa4ff870800 nmethod 8760 0x0000000118ec8c90 code [0x0000000118ec8de0, 0x0000000118ec8ef0]

GC Heap History (10 events):
Event: 3.038 GC heap before
{Heap before GC invocations=4 (full 1):
 PSYoungGen      total 305664K, used 87895K [0x000000066ab00000, 0x0000000690000000, 0x00000007c0000000)
  eden space 262144K, 33% used [0x000000066ab00000,0x00000006700d5eb8,0x000000067ab00000)
  from space 43520K, 0% used [0x000000067d580000,0x000000067d580000,0x0000000680000000)
  to   space 43520K, 0% used [0x000000067ab00000,0x000000067ab00000,0x000000067d580000)
 ParOldGen       total 396800K, used 5830K [0x00000003c0000000, 0x00000003d8380000, 0x000000066ab00000)
  object space 396800K, 1% used [0x00000003c0000000,0x00000003c05b1980,0x00000003d8380000)
 Metaspace       used 34401K, capacity 35238K, committed 35496K, reserved 1081344K
  class space    used 4220K, capacity 4551K, committed 4608K, reserved 1048576K
Event: 3.041 GC heap after
Heap after GC invocations=4 (full 1):
 PSYoungGen      total 305664K, used 9151K [0x000000066ab00000, 0x0000000686f00000, 0x00000007c0000000)
  eden space 262144K, 0% used [0x000000066ab00000,0x000000066ab00000,0x000000067ab00000)
  from space 43520K, 21% used [0x000000067ab00000,0x000000067b3efeb8,0x000000067d580000)
  to   space 43520K, 0% used [0x0000000684480000,0x0000000684480000,0x0000000686f00000)
 ParOldGen       total 396800K, used 5838K [0x00000003c0000000, 0x00000003d8380000, 0x000000066ab00000)
  object space 396800K, 1% used [0x00000003c0000000,0x00000003c05b3980,0x00000003d8380000)
 Metaspace       used 34401K, capacity 35238K, committed 35496K, reserved 1081344K
  class space    used 4220K, capacity 4551K, committed 4608K, reserved 1048576K
}
Event: 3.041 GC heap before
{Heap before GC invocations=5 (full 2):
 PSYoungGen      total 305664K, used 9151K [0x000000066ab00000, 0x0000000686f00000, 0x00000007c0000000)
  eden space 262144K, 0% used [0x000000066ab00000,0x000000066ab00000,0x000000067ab00000)
  from space 43520K, 21% used [0x000000067ab00000,0x000000067b3efeb8,0x000000067d580000)
  to   space 43520K, 0% used [0x0000000684480000,0x0000000684480000,0x0000000686f00000)
 ParOldGen       total 396800K, used 5838K [0x00000003c0000000, 0x00000003d8380000, 0x000000066ab00000)
  object space 396800K, 1% used [0x00000003c0000000,0x00000003c05b3980,0x00000003d8380000)
 Metaspace       used 34401K, capacity 35238K, committed 35496K, reserved 1081344K
  class space    used 4220K, capacity 4551K, committed 4608K, reserved 1048576K
Event: 3.065 GC heap after
Heap after GC invocations=5 (full 2):
 PSYoungGen      total 305664K, used 0K [0x000000066ab00000, 0x0000000686f00000, 0x00000007c0000000)
  eden space 262144K, 0% used [0x000000066ab00000,0x000000066ab00000,0x000000067ab00000)
  from space 43520K, 0% used [0x000000067ab00000,0x000000067ab00000,0x000000067d580000)
  to   space 43520K, 0% used [0x0000000684480000,0x0000000684480000,0x0000000686f00000)
 ParOldGen       total 634880K, used 13682K [0x00000003c0000000, 0x00000003e6c00000, 0x000000066ab00000)
  object space 634880K, 2% used [0x00000003c0000000,0x00000003c0d5cb68,0x00000003e6c00000)
 Metaspace       used 34401K, capacity 35238K, committed 35496K, reserved 1081344K
  class space    used 4220K, capacity 4551K, committed 4608K, reserved 1048576K
}
Event: 8.533 GC heap before
{Heap before GC invocations=6 (full 2):
 PSYoungGen      total 305664K, used 262144K [0x000000066ab00000, 0x0000000686f00000, 0x00000007c0000000)
  eden space 262144K, 100% used [0x000000066ab00000,0x000000067ab00000,0x000000067ab00000)
  from space 43520K, 0% used [0x000000067ab00000,0x000000067ab00000,0x000000067d580000)
  to   space 43520K, 0% used [0x0000000684480000,0x0000000684480000,0x0000000686f00000)
 ParOldGen       total 634880K, used 13682K [0x00000003c0000000, 0x00000003e6c00000, 0x000000066ab00000)
  object space 634880K, 2% used [0x00000003c0000000,0x00000003c0d5cb68,0x00000003e6c00000)
 Metaspace       used 42032K, capacity 43031K, committed 43264K, reserved 1087488K
  class space    used 5222K, capacity 5566K, committed 5632K, reserved 1048576K
Event: 8.541 GC heap after
Heap after GC invocations=6 (full 2):
 PSYoungGen      total 378880K, used 23389K [0x000000066ab00000, 0x0000000685b80000, 0x00000007c0000000)
  eden space 355328K, 0% used [0x000000066ab00000,0x000000066ab00000,0x0000000680600000)
  from space 23552K, 99% used [0x0000000684480000,0x0000000685b57598,0x0000000685b80000)
  to   space 43520K, 0% used [0x0000000680680000,0x0000000680680000,0x0000000683100000)
 ParOldGen       total 634880K, used 13690K [0x00000003c0000000, 0x00000003e6c00000, 0x000000066ab00000)
  object space 634880K, 2% used [0x00000003c0000000,0x00000003c0d5eb68,0x00000003e6c00000)
 Metaspace       used 42032K, capacity 43031K, committed 43264K, reserved 1087488K
  class space    used 5222K, capacity 5566K, committed 5632K, reserved 1048576K
}
Event: 11.840 GC heap before
{Heap before GC invocations=7 (full 2):
 PSYoungGen      total 378880K, used 378717K [0x000000066ab00000, 0x0000000685b80000, 0x00000007c0000000)
  eden space 355328K, 100% used [0x000000066ab00000,0x0000000680600000,0x0000000680600000)
  from space 23552K, 99% used [0x0000000684480000,0x0000000685b57598,0x0000000685b80000)
  to   space 43520K, 0% used [0x0000000680680000,0x0000000680680000,0x0000000683100000)
 ParOldGen       total 634880K, used 13690K [0x00000003c0000000, 0x00000003e6c00000, 0x000000066ab00000)
  object space 634880K, 2% used [0x00000003c0000000,0x00000003c0d5eb68,0x00000003e6c00000)
 Metaspace       used 57681K, capacity 58729K, committed 59160K, reserved 1101824K
  class space    used 6682K, capacity 7024K, committed 7040K, reserved 1048576K
Event: 11.865 GC heap after
Heap after GC invocations=7 (full 2):
 PSYoungGen      total 399360K, used 43491K [0x000000066ab00000, 0x000000068f900000, 0x00000007c0000000)
  eden space 355840K, 0% used [0x000000066ab00000,0x000000066ab00000,0x0000000680680000)
  from space 43520K, 99% used [0x0000000680680000,0x00000006830f8e20,0x0000000683100000)
  to   space 61952K, 0% used [0x000000068bc80000,0x000000068bc80000,0x000000068f900000)
 ParOldGen       total 634880K, used 41618K [0x00000003c0000000, 0x00000003e6c00000, 0x000000066ab00000)
  object space 634880K, 6% used [0x00000003c0000000,0x00000003c28a4820,0x00000003e6c00000)
 Metaspace       used 57681K, capacity 58729K, committed 59160K, reserved 1101824K
  class space    used 6682K, capacity 7024K, committed 7040K, reserved 1048576K
}
Event: 11.865 GC heap before
{Heap before GC invocations=8 (full 3):
 PSYoungGen      total 399360K, used 43491K [0x000000066ab00000, 0x000000068f900000, 0x00000007c0000000)
  eden space 355840K, 0% used [0x000000066ab00000,0x000000066ab00000,0x0000000680680000)
  from space 43520K, 99% used [0x0000000680680000,0x00000006830f8e20,0x0000000683100000)
  to   space 61952K, 0% used [0x000000068bc80000,0x000000068bc80000,0x000000068f900000)
 ParOldGen       total 634880K, used 41618K [0x00000003c0000000, 0x00000003e6c00000, 0x000000066ab00000)
  object space 634880K, 6% used [0x00000003c0000000,0x00000003c28a4820,0x00000003e6c00000)
 Metaspace       used 57681K, capacity 58729K, committed 59160K, reserved 1101824K
  class space    used 6682K, capacity 7024K, committed 7040K, reserved 1048576K
Event: 11.998 GC heap after
Heap after GC invocations=8 (full 3):
 PSYoungGen      total 399360K, used 0K [0x000000066ab00000, 0x000000068f900000, 0x00000007c0000000)
  eden space 355840K, 0% used [0x000000066ab00000,0x000000066ab00000,0x0000000680680000)
  from space 43520K, 0% used [0x0000000680680000,0x0000000680680000,0x0000000683100000)
  to   space 61952K, 0% used [0x000000068bc80000,0x000000068bc80000,0x000000068f900000)
 ParOldGen       total 933888K, used 51437K [0x00000003c0000000, 0x00000003f9000000, 0x000000066ab00000)
  object space 933888K, 5% used [0x00000003c0000000,0x00000003c323b548,0x00000003f9000000)
 Metaspace       used 57681K, capacity 58729K, committed 59160K, reserved 1101824K
  class space    used 6682K, capacity 7024K, committed 7040K, reserved 1048576K
}

Deoptimization events (10 events):
Event: 13.453 Thread 0x00007fa4ef809000 Uncommon trap: reason=bimorphic action=maybe_recompile pc=0x00000001189c92c0 method=kotlin.coroutines.CombinedContext.minusKey(Lkotlin/coroutines/CoroutineContext$Key;)Lkotlin/coroutines/CoroutineContext; @ 11
Event: 13.453 Thread 0x00007fa4ef809000 Uncommon trap: reason=class_check action=maybe_recompile pc=0x0000000118936ab8 method=kotlin.coroutines.CoroutineContext$plus$1.invoke(Lkotlin/coroutines/CoroutineContext;Lkotlin/coroutines/CoroutineContext$Element;)Lkotlin/coroutines/CoroutineContext; @ 
Event: 13.457 Thread 0x00007fa4ef809000 Uncommon trap: reason=unstable_if action=reinterpret pc=0x00000001178ba1a8 method=java.lang.Thread.setName(Ljava/lang/String;)V @ 27
Event: 13.468 Thread 0x00007fa4cfa0c800 Uncommon trap: reason=unstable_if action=reinterpret pc=0x00000001187ddfe4 method=sun.util.calendar.AbstractCalendar.getTime(Lsun/util/calendar/CalendarDate;)J @ 34
Event: 13.468 Thread 0x00007fa4cfa0c800 Uncommon trap: reason=unstable_if action=reinterpret pc=0x00000001187c6c5c method=sun.util.calendar.AbstractCalendar.getCalendarDate(JLsun/util/calendar/CalendarDate;)Lsun/util/calendar/CalendarDate; @ 20
Event: 13.468 Thread 0x00007fa4cfa0c800 Uncommon trap: reason=unstable_if action=reinterpret pc=0x00000001187c4a94 method=sun.util.calendar.AbstractCalendar.getCalendarDate(JLsun/util/calendar/CalendarDate;)Lsun/util/calendar/CalendarDate; @ 20
Event: 13.469 Thread 0x00007fa4ef809000 Uncommon trap: reason=null_check action=make_not_entrant pc=0x0000000118936ae8 method=kotlin.coroutines.CoroutineContext$plus$1.invoke(Lkotlin/coroutines/CoroutineContext;Lkotlin/coroutines/CoroutineContext$Element;)Lkotlin/coroutines/CoroutineContext; @ 
Event: 13.469 Thread 0x00007fa4ef809000 Uncommon trap: reason=bimorphic action=maybe_recompile pc=0x00000001189c92c0 method=kotlin.coroutines.CombinedContext.minusKey(Lkotlin/coroutines/CoroutineContext$Key;)Lkotlin/coroutines/CoroutineContext; @ 11
Event: 13.469 Thread 0x00007fa4ef809000 Uncommon trap: reason=bimorphic action=maybe_recompile pc=0x00000001189c92c0 method=kotlin.coroutines.CombinedContext.minusKey(Lkotlin/coroutines/CoroutineContext$Key;)Lkotlin/coroutines/CoroutineContext; @ 11
Event: 13.777 Thread 0x00007fa4cfa0c800 Uncommon trap: reason=unstable_if action=reinterpret pc=0x00000001180af134 method=java.lang.Integer.numberOfTrailingZeros(I)I @ 16

Classes redefined (0 events):
No events

Internal exceptions (10 events):
Event: 13.412 Thread 0x00007fa4ef809000 Exception <a 'java/io/FileNotFoundException'> (0x0000000678464748) thrown at [/Users/jenkins/workspace/build-scripts/jobs/jdk8u/jdk8u-mac-x64-hotspot/workspace/build/src/hotspot/src/share/vm/prims/jni.cpp, line 710]
Event: 13.415 Thread 0x00007fa4ef809000 Exception <a 'java/io/FileNotFoundException'> (0x00000006784c0a30) thrown at [/Users/jenkins/workspace/build-scripts/jobs/jdk8u/jdk8u-mac-x64-hotspot/workspace/build/src/hotspot/src/share/vm/prims/jni.cpp, line 710]
Event: 13.415 Thread 0x00007fa4ef809000 Exception <a 'java/io/FileNotFoundException'> (0x00000006784c33d8) thrown at [/Users/jenkins/workspace/build-scripts/jobs/jdk8u/jdk8u-mac-x64-hotspot/workspace/build/src/hotspot/src/share/vm/prims/jni.cpp, line 710]
Event: 13.415 Thread 0x00007fa4ef809000 Exception <a 'java/io/FileNotFoundException'> (0x00000006784c5b60) thrown at [/Users/jenkins/workspace/build-scripts/jobs/jdk8u/jdk8u-mac-x64-hotspot/workspace/build/src/hotspot/src/share/vm/prims/jni.cpp, line 710]
Event: 13.452 Thread 0x00007fa4ef809000 Implicit null exception at 0x00000001189c712f to 0x00000001189c75a9
Event: 13.468 Thread 0x00007fa4cfa0c800 Implicit null exception at 0x00000001187dcb60 to 0x00000001187ddfc5
Event: 13.468 Thread 0x00007fa4cfa0c800 Implicit null exception at 0x00000001187c5f1e to 0x00000001187c6c49
Event: 13.468 Thread 0x00007fa4cfa0c800 Implicit null exception at 0x00000001187c3d5e to 0x00000001187c4a81
Event: 13.469 Thread 0x00007fa4ef809000 Implicit null exception at 0x000000011893676b to 0x0000000118936add
Event: 13.775 Thread 0x00007fa4cfa0c800 Exception <a 'sun/nio/fs/UnixException'> (0x000000067a5cda98) thrown at [/Users/jenkins/workspace/build-scripts/jobs/jdk8u/jdk8u-mac-x64-hotspot/workspace/build/src/hotspot/src/share/vm/prims/jni.cpp, line 710]

Events (10 events):
Event: 13.777 Thread 0x00007fa4cfa0c800 DEOPT PACKING pc=0x00000001180af134 sp=0x000070000ae4f5b0
Event: 13.777 Thread 0x00007fa4cfa0c800 DEOPT UNPACKING pc=0x000000011717647a sp=0x000070000ae4f568 mode 2
Event: 13.780 loading class graphics/scenery/textures/Texture$Companion
Event: 13.780 loading class graphics/scenery/textures/Texture$Companion done
Event: 13.780 loading class graphics/scenery/textures/Texture$FilteringMode
Event: 13.780 loading class graphics/scenery/textures/Texture$FilteringMode done
Event: 13.780 loading class graphics/scenery/textures/Texture$UsageType
Event: 13.780 loading class graphics/scenery/textures/Texture$UsageType done
Event: 13.905 Thread 0x00007fa501e5e800 DEOPT PACKING pc=0x0000000118d0b8a1 sp=0x000070000ab484c0
Event: 13.905 Thread 0x00007fa501e5e800 DEOPT UNPACKING pc=0x00000001171784c4 sp=0x000070000ab48218 mode 0


Dynamic libraries:
0x00007fff34f0b000 	/System/Library/Frameworks/Cocoa.framework/Versions/A/Cocoa
0x00007fff221c6000 	/System/Library/Frameworks/Security.framework/Versions/A/Security
0x00007fff3315a000 	/System/Library/Frameworks/ApplicationServices.framework/Versions/A/ApplicationServices
0x00007fff2a433000 	/usr/lib/libz.1.dylib
0x00007fff2a4fb000 	/usr/lib/libSystem.B.dylib
0x00007fff201b0000 	/usr/lib/libobjc.A.dylib
0x00007fff2113a000 	/System/Library/Frameworks/Foundation.framework/Versions/C/Foundation
0x00007fff20390000 	/System/Library/Frameworks/CoreFoundation.framework/Versions/A/CoreFoundation
0x00007fff22bea000 	/System/Library/Frameworks/AppKit.framework/Versions/C/AppKit
0x00007fff25a73000 	/System/Library/Frameworks/CoreData.framework/Versions/A/CoreData
0x00007fff23947000 	/System/Library/PrivateFrameworks/UIFoundation.framework/Versions/A/UIFoundation
0x00007fff2fb3d000 	/System/Library/PrivateFrameworks/RemoteViewServices.framework/Versions/A/RemoteViewServices
0x00007fff2895f000 	/System/Library/PrivateFrameworks/XCTTargetBootstrap.framework/Versions/A/XCTTargetBootstrap
0x00007fff2b63a000 	/usr/lib/libspindump.dylib
0x00007fff23b9b000 	/System/Library/Frameworks/UniformTypeIdentifiers.framework/Versions/A/UniformTypeIdentifiers
0x00007fff27131000 	/usr/lib/libapp_launch_measurement.dylib
0x00007fff27134000 	/System/Library/PrivateFrameworks/CoreAutoLayout.framework/Versions/A/CoreAutoLayout
0x00007fff282c0000 	/System/Library/Frameworks/Metal.framework/Versions/A/Metal
0x00007fff28fae000 	/usr/lib/liblangid.dylib
0x00007fff28963000 	/System/Library/PrivateFrameworks/CoreSVG.framework/Versions/A/CoreSVG
0x00007fff24b82000 	/System/Library/PrivateFrameworks/SkyLight.framework/Versions/A/SkyLight
0x00007fff24ee1000 	/System/Library/Frameworks/CoreGraphics.framework/Versions/A/CoreGraphics
0x00007fff30194000 	/System/Library/Frameworks/Accelerate.framework/Versions/A/Accelerate
0x00007fff2b075000 	/System/Library/PrivateFrameworks/IconServices.framework/Versions/A/IconServices
0x00007fff282a1000 	/System/Library/Frameworks/IOSurface.framework/Versions/A/IOSurface
0x00007fff263fb000 	/usr/lib/libDiagnosticMessagesClient.dylib
0x00007fff2894b000 	/System/Library/PrivateFrameworks/DFRFoundation.framework/Versions/A/DFRFoundation
0x00007fff22516000 	/usr/lib/libicucore.A.dylib
0x00007fff2cb77000 	/System/Library/Frameworks/AudioToolbox.framework/Versions/A/AudioToolbox
0x00007fff2be22000 	/System/Library/PrivateFrameworks/DataDetectorsCore.framework/Versions/A/DataDetectorsCore
0x00007fff2864b000 	/System/Library/Frameworks/Carbon.framework/Versions/A/Frameworks/HIToolbox.framework/Versions/A/HIToolbox
0x00007fff26b94000 	/System/Library/Frameworks/QuartzCore.framework/Versions/A/QuartzCore
0x00007fff2fb79000 	/System/Library/Frameworks/Carbon.framework/Versions/A/Frameworks/SpeechRecognition.framework/Versions/A/SpeechRecognition
0x00007fff26e99000 	/System/Library/PrivateFrameworks/CoreUI.framework/Versions/A/CoreUI
0x00007fff21b22000 	/System/Library/Frameworks/CoreAudio.framework/Versions/A/CoreAudio
0x00007fff264e6000 	/System/Library/Frameworks/DiskArbitration.framework/Versions/A/DiskArbitration
0x00007fff2ba33000 	/System/Library/PrivateFrameworks/MultitouchSupport.framework/Versions/A/MultitouchSupport
0x00007fff2be19000 	/System/Library/PrivateFrameworks/InternationalSupport.framework/Versions/A/InternationalSupport
0x00007fff24af6000 	/usr/lib/libenergytrace.dylib
0x00007fff22ae4000 	/System/Library/Frameworks/IOKit.framework/Versions/A/IOKit
0x00007fff2fec6000 	/System/Library/Frameworks/CoreServices.framework/Versions/A/CoreServices
0x00007fff270c7000 	/System/Library/PrivateFrameworks/PerformanceAnalysis.framework/Versions/A/PerformanceAnalysis
0x00007fff6b3ae000 	/System/Library/Frameworks/OpenGL.framework/Versions/A/OpenGL
0x00007fff2be9e000 	/System/Library/PrivateFrameworks/UserActivity.framework/Versions/A/UserActivity
0x00007fff25575000 	/System/Library/Frameworks/ColorSync.framework/Versions/A/ColorSync
0x00007fff28bc7000 	/System/Library/Frameworks/CoreImage.framework/Versions/A/CoreImage
0x00007fff21938000 	/System/Library/Frameworks/CoreText.framework/Versions/A/CoreText
0x00007fff2898d000 	/System/Library/Frameworks/ImageIO.framework/Versions/A/ImageIO
0x00007fff2a501000 	/System/Library/PrivateFrameworks/SoftLinking.framework/Versions/A/SoftLinking
0x00007fff2717d000 	/usr/lib/libxml2.2.dylib
0x00007fff20275000 	/usr/lib/libc++.1.dylib
0x00007fff2a773000 	/usr/lib/libcompression.dylib
0x00007fff24af7000 	/usr/lib/libMobileGestalt.dylib
0x00007fff2bd4c000 	/System/Library/PrivateFrameworks/TextureIO.framework/Versions/A/TextureIO
0x00007fff2ad99000 	/usr/lib/libate.dylib
0x00007fff2a4f5000 	/usr/lib/system/libcache.dylib
0x00007fff2a4b1000 	/usr/lib/system/libcommonCrypto.dylib
0x00007fff2a4db000 	/usr/lib/system/libcompiler_rt.dylib
0x00007fff2a4d0000 	/usr/lib/system/libcopyfile.dylib
0x00007fff200a2000 	/usr/lib/system/libcorecrypto.dylib
0x00007fff2016b000 	/usr/lib/system/libdispatch.dylib
0x00007fff2031f000 	/usr/lib/system/libdyld.dylib
0x00007fff2a4ec000 	/usr/lib/system/libkeymgr.dylib
0x00007fff2d926000 	/usr/lib/system/liblaunch.dylib
0x00007fff2a48f000 	/usr/lib/system/libmacho.dylib
0x00007fff29caa000 	/usr/lib/system/libquarantine.dylib
0x00007fff2a4e9000 	/usr/lib/system/libremovefile.dylib
0x00007fff24b53000 	/usr/lib/system/libsystem_asl.dylib
0x00007fff20052000 	/usr/lib/system/libsystem_blocks.dylib
0x00007fff201ec000 	/usr/lib/system/libsystem_c.dylib
0x00007fff2a4e3000 	/usr/lib/system/libsystem_collections.dylib
0x00007fff28f9f000 	/usr/lib/system/libsystem_configuration.dylib
0x00007fff28290000 	/usr/lib/system/libsystem_containermanager.dylib
0x00007fff2a22b000 	/usr/lib/system/libsystem_coreservices.dylib
0x00007fff22778000 	/usr/lib/system/libsystem_darwin.dylib
0x00007fff2a4ed000 	/usr/lib/system/libsystem_dnssd.dylib
0x00007fff201e9000 	/usr/lib/system/libsystem_featureflags.dylib
0x00007fff20364000 	/usr/lib/system/libsystem_info.dylib
0x00007fff2a446000 	/usr/lib/system/libsystem_m.dylib
0x00007fff2013e000 	/usr/lib/system/libsystem_malloc.dylib
0x00007fff24ae7000 	/usr/lib/system/libsystem_networkextension.dylib
0x00007fff22b92000 	/usr/lib/system/libsystem_notify.dylib
0x00007fff2fdc4000 	/usr/lib/system/libsystem_product_info_filter.dylib
0x00007fff28fa3000 	/usr/lib/system/libsystem_sandbox.dylib
0x00007fff2a4e6000 	/usr/lib/system/libsystem_secinit.dylib
0x00007fff202e4000 	/usr/lib/system/libsystem_kernel.dylib
0x00007fff2035a000 	/usr/lib/system/libsystem_platform.dylib
0x00007fff20313000 	/usr/lib/system/libsystem_pthread.dylib
0x00007fff26249000 	/usr/lib/system/libsystem_symptoms.dylib
0x00007fff2008a000 	/usr/lib/system/libsystem_trace.dylib
0x00007fff2a4bd000 	/usr/lib/system/libunwind.dylib
0x00007fff20054000 	/usr/lib/system/libxpc.dylib
0x00007fff202cb000 	/usr/lib/libc++abi.dylib
0x00007fff2a4c8000 	/usr/lib/liboah.dylib
0x00007fff2ab7e000 	/usr/lib/liblzma.5.dylib
0x00007fff20e50000 	/System/Library/Frameworks/SystemConfiguration.framework/Versions/A/SystemConfiguration
0x00007fff2a4fd000 	/usr/lib/libfakelink.dylib
0x00007fff24649000 	/System/Library/Frameworks/CFNetwork.framework/Versions/A/CFNetwork
0x00007fff2a63d000 	/usr/lib/libarchive.2.dylib
0x00007fff20ecd000 	/usr/lib/libCRFSuite.dylib
0x00007fff29cd1000 	/usr/lib/libbsm.0.dylib
0x00007fff24005000 	/usr/lib/libnetwork.dylib
0x00007fff2a502000 	/usr/lib/libpcap.A.dylib
0x00007fff26242000 	/usr/lib/libdns_services.dylib
0x00007fff2ab97000 	/usr/lib/libcoretls_cfhelpers.dylib
0x00007fff2a741000 	/usr/lib/libapple_nghttp2.dylib
0x00007fff2a495000 	/usr/lib/system/libkxld.dylib
0x00007fff25ea8000 	/usr/lib/libsqlite3.dylib
0x00007fff2a20d000 	/System/Library/PrivateFrameworks/AppleFSCompression.framework/Versions/A/AppleFSCompression
0x00007fff29cb9000 	/usr/lib/libcoretls.dylib
0x00007fff2a76e000 	/usr/lib/libpam.2.dylib
0x00007fff2ac94000 	/usr/lib/libxar.1.dylib
0x00007fff28faa000 	/System/Library/PrivateFrameworks/AppleSystemInfo.framework/Versions/A/AppleSystemInfo
0x00007fff298fc000 	/System/Library/PrivateFrameworks/IOMobileFramebuffer.framework/Versions/A/IOMobileFramebuffer
0x00007fff2a21d000 	/usr/lib/libbz2.1.0.dylib
0x00007fff2a53a000 	/usr/lib/libiconv.2.dylib
0x00007fff2a48e000 	/usr/lib/libcharset.1.dylib
0x00007fff27103000 	/System/Library/Frameworks/CoreServices.framework/Versions/A/Frameworks/FSEvents.framework/Versions/A/FSEvents
0x00007fff22782000 	/System/Library/Frameworks/CoreServices.framework/Versions/A/Frameworks/CarbonCore.framework/Versions/A/CarbonCore
0x00007fff2644b000 	/System/Library/Frameworks/CoreServices.framework/Versions/A/Frameworks/Metadata.framework/Versions/A/Metadata
0x00007fff2a230000 	/System/Library/Frameworks/CoreServices.framework/Versions/A/Frameworks/OSServices.framework/Versions/A/OSServices
0x00007fff2a6af000 	/System/Library/Frameworks/CoreServices.framework/Versions/A/Frameworks/SearchKit.framework/Versions/A/SearchKit
0x00007fff261cc000 	/System/Library/Frameworks/CoreServices.framework/Versions/A/Frameworks/AE.framework/Versions/A/AE
0x00007fff2082c000 	/System/Library/Frameworks/CoreServices.framework/Versions/A/Frameworks/LaunchServices.framework/Versions/A/LaunchServices
0x00007fff2ab2f000 	/System/Library/Frameworks/CoreServices.framework/Versions/A/Frameworks/DictionaryServices.framework/Versions/A/DictionaryServices
0x00007fff2710c000 	/System/Library/Frameworks/CoreServices.framework/Versions/A/Frameworks/SharedFileList.framework/Versions/A/SharedFileList
0x00007fff29cad000 	/usr/lib/libCheckFix.dylib
0x00007fff24b6a000 	/System/Library/PrivateFrameworks/TCC.framework/Versions/A/TCC
0x00007fff28fb0000 	/System/Library/PrivateFrameworks/CoreNLP.framework/Versions/A/CoreNLP
0x00007fff263fe000 	/System/Library/PrivateFrameworks/MetadataUtilities.framework/Versions/A/MetadataUtilities
0x00007fff20f03000 	/usr/lib/libmecabra.dylib
0x00007fff29fc0000 	/System/Library/Frameworks/MLCompute.framework/Versions/A/MLCompute
0x00007fff29ce2000 	/usr/lib/libmecab.dylib
0x00007fff29d2c000 	/usr/lib/libgermantok.dylib
0x00007fff2a717000 	/usr/lib/libThaiTokenizer.dylib
0x00007fff2accf000 	/usr/lib/libChineseTokenizer.dylib
0x00007fff2a76c000 	/System/Library/Frameworks/MetalPerformanceShaders.framework/Versions/A/MetalPerformanceShaders
0x00007fff264ed000 	/System/Library/Frameworks/Accelerate.framework/Versions/A/Frameworks/vImage.framework/Versions/A/vImage
0x00007fff2fe9f000 	/System/Library/Frameworks/Accelerate.framework/Versions/A/Frameworks/vecLib.framework/Versions/A/vecLib
0x00007fff2acda000 	/System/Library/Frameworks/Accelerate.framework/Versions/A/Frameworks/vecLib.framework/Versions/A/libvMisc.dylib
0x00007fff29715000 	/System/Library/Frameworks/Accelerate.framework/Versions/A/Frameworks/vecLib.framework/Versions/A/libvDSP.dylib
0x00007fff20b2f000 	/System/Library/Frameworks/Accelerate.framework/Versions/A/Frameworks/vecLib.framework/Versions/A/libBLAS.dylib
0x00007fff2a792000 	/System/Library/Frameworks/Accelerate.framework/Versions/A/Frameworks/vecLib.framework/Versions/A/libLAPACK.dylib
0x00007fff29d32000 	/System/Library/Frameworks/Accelerate.framework/Versions/A/Frameworks/vecLib.framework/Versions/A/libLinearAlgebra.dylib
0x00007fff2a759000 	/System/Library/Frameworks/Accelerate.framework/Versions/A/Frameworks/vecLib.framework/Versions/A/libSparseBLAS.dylib
0x00007fff2a78c000 	/System/Library/Frameworks/Accelerate.framework/Versions/A/Frameworks/vecLib.framework/Versions/A/libQuadrature.dylib
0x00007fff29058000 	/System/Library/Frameworks/Accelerate.framework/Versions/A/Frameworks/vecLib.framework/Versions/A/libBNNS.dylib
0x00007fff20de1000 	/System/Library/Frameworks/Accelerate.framework/Versions/A/Frameworks/vecLib.framework/Versions/A/libSparse.dylib
0x00007fff28f43000 	/System/Library/Frameworks/MetalPerformanceShaders.framework/Versions/A/Frameworks/MPSCore.framework/Versions/A/MPSCore
0x00007fff2a17c000 	/System/Library/Frameworks/MetalPerformanceShaders.framework/Versions/A/Frameworks/MPSImage.framework/Versions/A/MPSImage
0x00007fff29d48000 	/System/Library/Frameworks/MetalPerformanceShaders.framework/Versions/A/Frameworks/MPSNeuralNetwork.framework/Versions/A/MPSNeuralNetwork
0x00007fff2a107000 	/System/Library/Frameworks/MetalPerformanceShaders.framework/Versions/A/Frameworks/MPSMatrix.framework/Versions/A/MPSMatrix
0x00007fff29f70000 	/System/Library/Frameworks/MetalPerformanceShaders.framework/Versions/A/Frameworks/MPSRayIntersector.framework/Versions/A/MPSRayIntersector
0x00007fff2a13e000 	/System/Library/Frameworks/MetalPerformanceShaders.framework/Versions/A/Frameworks/MPSNDArray.framework/Versions/A/MPSNDArray
0x00007fff20a5b000 	/System/Library/PrivateFrameworks/MetalTools.framework/Versions/A/MetalTools
0x00007fff28fa8000 	/System/Library/PrivateFrameworks/AggregateDictionary.framework/Versions/A/AggregateDictionary
0x00007fff263d6000 	/System/Library/PrivateFrameworks/CoreAnalytics.framework/Versions/A/CoreAnalytics
0x00007fff2a719000 	/System/Library/PrivateFrameworks/AppleSauce.framework/Versions/A/AppleSauce
0x00007fff282b3000 	/System/Library/PrivateFrameworks/IOAccelerator.framework/Versions/A/IOAccelerator
0x00007fff6b3a2000 	/System/Library/Frameworks/OpenGL.framework/Versions/A/Libraries/libCoreFSCache.dylib
0x00007fff2149e000 	/System/Library/PrivateFrameworks/LanguageModeling.framework/Versions/A/LanguageModeling
0x00007fff298e9000 	/System/Library/PrivateFrameworks/CoreEmoji.framework/Versions/A/CoreEmoji
0x00007fff29051000 	/System/Library/PrivateFrameworks/LinguisticData.framework/Versions/A/LinguisticData
0x00007fff20d93000 	/System/Library/PrivateFrameworks/Lexicon.framework/Versions/A/Lexicon
0x00007fff2a62b000 	/usr/lib/libcmph.dylib
0x00007fff270e3000 	/System/Library/Frameworks/OpenDirectory.framework/Versions/A/Frameworks/CFOpenDirectory.framework/Versions/A/CFOpenDirectory
0x00007fff270d3000 	/System/Library/Frameworks/OpenDirectory.framework/Versions/A/OpenDirectory
0x00007fff2ab99000 	/System/Library/PrivateFrameworks/APFS.framework/Versions/A/APFS
0x00007fff29c0e000 	/System/Library/Frameworks/SecurityFoundation.framework/Versions/A/SecurityFoundation
0x00007fff2aca2000 	/usr/lib/libutil.dylib
0x00007fff22aa9000 	/System/Library/PrivateFrameworks/CoreServicesStore.framework/Versions/A/CoreServicesStore
0x00007fff29ca5000 	/System/Library/Frameworks/ServiceManagement.framework/Versions/A/ServiceManagement
0x00007fff2aca6000 	/usr/lib/libxslt.1.dylib
0x00007fff29c9b000 	/System/Library/PrivateFrameworks/BackgroundTaskManagement.framework/Versions/A/BackgroundTaskManagement
0x00007fff2bc96000 	/System/Library/Frameworks/ImageIO.framework/Versions/A/Resources/libRadiance.dylib
0x00007fff2bca0000 	/System/Library/Frameworks/ImageIO.framework/Versions/A/Resources/libJPEG.dylib
0x00007fff2bbed000 	/System/Library/Frameworks/ImageIO.framework/Versions/A/Resources/libPng.dylib
0x00007fff2bc14000 	/System/Library/Frameworks/ImageIO.framework/Versions/A/Resources/libTIFF.dylib
0x00007fff2bcf5000 	/System/Library/Frameworks/ImageIO.framework/Versions/A/Resources/libGIF.dylib
0x00007fff2b950000 	/System/Library/Frameworks/ImageIO.framework/Versions/A/Resources/libJP2.dylib
0x00007fff2b03c000 	/usr/lib/libexpat.1.dylib
0x00007fff2b906000 	/System/Library/PrivateFrameworks/AppleJPEG.framework/Versions/A/AppleJPEG
0x00007fff284ee000 	/System/Library/PrivateFrameworks/FontServices.framework/libFontParser.dylib
0x00007fff26180000 	/System/Library/PrivateFrameworks/RunningBoardServices.framework/Versions/A/RunningBoardServices
0x00007fff2ba2f000 	/System/Library/PrivateFrameworks/WatchdogClient.framework/Versions/A/WatchdogClient
0x00007fff2158b000 	/System/Library/Frameworks/CoreDisplay.framework/Versions/A/CoreDisplay
0x00007fff28403000 	/System/Library/Frameworks/CoreMedia.framework/Versions/A/CoreMedia
0x00007fff27260000 	/System/Library/Frameworks/CoreVideo.framework/Versions/A/CoreVideo
0x00007fff2ba67000 	/System/Library/Frameworks/VideoToolbox.framework/Versions/A/VideoToolbox
0x00007fff260fe000 	/System/Library/PrivateFrameworks/BaseBoard.framework/Versions/A/BaseBoard
0x00007fff2b181000 	/System/Library/PrivateFrameworks/PersistentConnection.framework/Versions/A/PersistentConnection
0x00007fff25e91000 	/System/Library/PrivateFrameworks/ProtocolBuffer.framework/Versions/A/ProtocolBuffer
0x00007fff260e5000 	/System/Library/PrivateFrameworks/CommonUtilities.framework/Versions/A/CommonUtilities
0x00007fff2b89b000 	/System/Library/PrivateFrameworks/Bom.framework/Versions/A/Bom
0x00007fff2bc8f000 	/System/Library/PrivateFrameworks/GPUWrangler.framework/Versions/A/GPUWrangler
0x00007fff2bc72000 	/System/Library/PrivateFrameworks/IOPresentment.framework/Versions/A/IOPresentment
0x00007fff2bc9a000 	/System/Library/PrivateFrameworks/DSExternalDisplay.framework/Versions/A/DSExternalDisplay
0x00007fff2bcfa000 	/System/Library/PrivateFrameworks/CMCaptureCore.framework/Versions/A/CMCaptureCore
0x00007fff2b621000 	/System/Library/PrivateFrameworks/AppServerSupport.framework/Versions/A/AppServerSupport
0x00007fff2d6c7000 	/System/Library/PrivateFrameworks/perfdata.framework/Versions/A/perfdata
0x00007fff29bfd000 	/System/Library/PrivateFrameworks/AssertionServices.framework/Versions/A/AssertionServices
0x00007fff216c2000 	/System/Library/PrivateFrameworks/AudioToolboxCore.framework/Versions/A/AudioToolboxCore
0x00007fff283e6000 	/System/Library/PrivateFrameworks/caulk.framework/Versions/A/caulk
0x00007fff3c961000 	/System/Library/PrivateFrameworks/SystemPolicy.framework/Versions/A/SystemPolicy
0x00007fff2ae32000 	/usr/lib/libIOReport.dylib
0x00007fff2cee9000 	/usr/lib/libSMC.dylib
0x00007fff2bbba000 	/usr/lib/libAudioToolboxUtility.dylib
0x00007fff3d2c6000 	/usr/lib/libmis.dylib
0x00007fff6b3fe000 	/System/Library/Frameworks/OpenGL.framework/Versions/A/Libraries/libGLU.dylib
0x00007fff6b3c1000 	/System/Library/Frameworks/OpenGL.framework/Versions/A/Libraries/libGFXShared.dylib
0x00007fff6b5d0000 	/System/Library/Frameworks/OpenGL.framework/Versions/A/Libraries/libGL.dylib
0x00007fff6b3ca000 	/System/Library/Frameworks/OpenGL.framework/Versions/A/Libraries/libGLImage.dylib
0x00007fff6b3be000 	/System/Library/Frameworks/OpenGL.framework/Versions/A/Libraries/libCVMSPluginSupport.dylib
0x00007fff6b3a9000 	/System/Library/Frameworks/OpenGL.framework/Versions/A/Libraries/libCoreVMClient.dylib
0x00007fff6ca11000 	/System/Library/Frameworks/OpenCL.framework/Versions/A/OpenCL
0x00007fff2b1ab000 	/System/Library/PrivateFrameworks/GraphVisualizer.framework/Versions/A/GraphVisualizer
0x00007fff2b1ba000 	/System/Library/PrivateFrameworks/FaceCore.framework/Versions/A/FaceCore
0x00007fff2b5d6000 	/System/Library/PrivateFrameworks/OTSVG.framework/Versions/A/OTSVG
0x00007fff26e57000 	/System/Library/Frameworks/ApplicationServices.framework/Versions/A/Frameworks/ATS.framework/Versions/A/Resources/libFontRegistry.dylib
0x00007fff2b628000 	/System/Library/PrivateFrameworks/FontServices.framework/libhvf.dylib
0x00007fff2afe8000 	/System/Library/PrivateFrameworks/AppleVA.framework/Versions/A/AppleVA
0x00007fff2cd32000 	/System/Library/Frameworks/ApplicationServices.framework/Versions/A/Frameworks/ATS.framework/Versions/A/ATS
0x00007fff2d044000 	/System/Library/Frameworks/ApplicationServices.framework/Versions/A/Frameworks/ColorSyncLegacy.framework/Versions/A/ColorSyncLegacy
0x00007fff2566c000 	/System/Library/Frameworks/ApplicationServices.framework/Versions/A/Frameworks/HIServices.framework/Versions/A/HIServices
0x00007fff2d029000 	/System/Library/Frameworks/ApplicationServices.framework/Versions/A/Frameworks/LangAnalysis.framework/Versions/A/LangAnalysis
0x00007fff2bd04000 	/System/Library/Frameworks/ApplicationServices.framework/Versions/A/Frameworks/PrintCore.framework/Versions/A/PrintCore
0x00007fff2d04c000 	/System/Library/Frameworks/ApplicationServices.framework/Versions/A/Frameworks/QD.framework/Versions/A/QD
0x00007fff2cd22000 	/System/Library/Frameworks/ApplicationServices.framework/Versions/A/Frameworks/SpeechSynthesis.framework/Versions/A/SpeechSynthesis
0x00007fff2bcc5000 	/System/Library/Frameworks/ApplicationServices.framework/Versions/A/Frameworks/ATSUI.framework/Versions/A/ATSUI
0x00007fff2cfc9000 	/usr/lib/libcups.2.dylib
0x00007fff2d039000 	/System/Library/PrivateFrameworks/NetAuth.framework/Versions/A/NetAuth
0x00007fff2d6e3000 	/System/Library/Frameworks/Kerberos.framework/Versions/A/Kerberos
0x00007fff2d6f3000 	/System/Library/Frameworks/GSS.framework/Versions/A/GSS
0x00007fff2cd9e000 	/usr/lib/libresolv.9.dylib
0x00007fff2b63d000 	/System/Library/PrivateFrameworks/Heimdal.framework/Versions/A/Heimdal
0x00007fff3345a000 	/System/Library/Frameworks/Kerberos.framework/Versions/A/Libraries/libHeimdalProxy.dylib
0x00007fff26251000 	/System/Library/Frameworks/Network.framework/Versions/A/Network
0x00007fff2b056000 	/usr/lib/libheimdal-asn1.dylib
0x00007fff2d743000 	/System/Library/PrivateFrameworks/CommonAuth.framework/Versions/A/CommonAuth
0x00007fff272ad000 	/System/Library/PrivateFrameworks/login.framework/Versions/A/Frameworks/loginsupport.framework/Versions/A/loginsupport
0x00007fff2cca7000 	/System/Library/PrivateFrameworks/AudioSession.framework/Versions/A/AudioSession
0x00007fff2cd0f000 	/usr/lib/libAudioStatistics.dylib
0x00007fff2b0e3000 	/System/Library/PrivateFrameworks/MediaExperience.framework/Versions/A/MediaExperience
0x00007fff2cb45000 	/System/Library/PrivateFrameworks/AudioSession.framework/libSessionUtility.dylib
0x00007fff2d6d4000 	/usr/lib/libperfcheck.dylib
0x00007fff2d058000 	/System/Library/PrivateFrameworks/AudioResourceArbitration.framework/Versions/A/AudioResourceArbitration
0x00007fff2b060000 	/System/Library/PrivateFrameworks/IconFoundation.framework/Versions/A/IconFoundation
0x00007fff2fb69000 	/System/Library/PrivateFrameworks/SpeechRecognitionCore.framework/Versions/A/SpeechRecognitionCore
0x00000001165fb000 	/Library/Java/JavaVirtualMachines/adoptopenjdk-8.jdk/Contents/Home/jre/lib/server/libjvm.dylib
0x00007fff78a8f000 	/usr/lib/libstdc++.6.dylib
0x000000010d81b000 	/Library/Java/JavaVirtualMachines/adoptopenjdk-8.jdk/Contents/Home/jre/lib/libverify.dylib
0x000000010d82c000 	/Library/Java/JavaVirtualMachines/adoptopenjdk-8.jdk/Contents/Home/jre/lib/libjava.dylib
0x000000010d868000 	/Library/Java/JavaVirtualMachines/adoptopenjdk-8.jdk/Contents/Home/jre/lib/libinstrument.dylib
0x000000010d8d6000 	/Library/Java/JavaVirtualMachines/adoptopenjdk-8.jdk/Contents/Home/jre/lib/libzip.dylib
0x000000010dfe3000 	/Library/Java/JavaVirtualMachines/adoptopenjdk-8.jdk/Contents/Home/jre/lib/libnio.dylib
0x0000000116000000 	/Library/Java/JavaVirtualMachines/adoptopenjdk-8.jdk/Contents/Home/jre/lib/libnet.dylib
0x000000014e3cd000 	/private/var/folders/vx/3lqyp0d50sqf1xjx2zfvtzq00000gn/T/lwjglluke/3.2.3-build-13/liblwjgl.dylib
0x000000014e3f5000 	/private/var/folders/vx/3lqyp0d50sqf1xjx2zfvtzq00000gn/T/lwjglluke/3.2.3-build-13/libjemalloc.dylib
0x000000014e675000 	/Library/Java/JavaVirtualMachines/adoptopenjdk-8.jdk/Contents/Home/jre/lib/libawt.dylib
0x000000014e725000 	/Library/Java/JavaVirtualMachines/adoptopenjdk-8.jdk/Contents/Home/jre/lib/libmlib_image.dylib
0x00007fff6e435000 	/System/Library/Frameworks/JavaNativeFoundation.framework/Versions/A/JavaNativeFoundation
0x00007fff6e441000 	/System/Library/Frameworks/JavaRuntimeSupport.framework/Versions/A/JavaRuntimeSupport
0x00007fff3c6e3000 	/System/Library/Frameworks/Carbon.framework/Versions/A/Carbon
0x00007fff31b49000 	/System/Library/PrivateFrameworks/CoreSymbolication.framework/Versions/A/CoreSymbolication
0x00007fff36349000 	/System/Library/Frameworks/Carbon.framework/Versions/A/Frameworks/CommonPanels.framework/Versions/A/CommonPanels
0x00007fff32f19000 	/System/Library/Frameworks/Carbon.framework/Versions/A/Frameworks/Help.framework/Versions/A/Help
0x00007fff3634d000 	/System/Library/Frameworks/Carbon.framework/Versions/A/Frameworks/ImageCapture.framework/Versions/A/ImageCapture
0x00007fff36325000 	/System/Library/Frameworks/Carbon.framework/Versions/A/Frameworks/OpenScripting.framework/Versions/A/OpenScripting
0x00007fff36345000 	/System/Library/Frameworks/Carbon.framework/Versions/A/Frameworks/Ink.framework/Versions/A/Ink
0x00007fff3c6df000 	/System/Library/Frameworks/Carbon.framework/Versions/A/Frameworks/Print.framework/Versions/A/Print
0x00007fff36341000 	/System/Library/Frameworks/Carbon.framework/Versions/A/Frameworks/SecurityHI.framework/Versions/A/SecurityHI
0x00007fff31b0c000 	/System/Library/PrivateFrameworks/DebugSymbols.framework/Versions/A/DebugSymbols
0x000000014ee00000 	/Library/Java/JavaVirtualMachines/adoptopenjdk-8.jdk/Contents/Home/jre/lib/libawt_lwawt.dylib
0x000000014eec1000 	/Library/Java/JavaVirtualMachines/adoptopenjdk-8.jdk/Contents/Home/jre/lib/libosxapp.dylib
0x00007fff3bd6b000 	/System/Library/Frameworks/ExceptionHandling.framework/Versions/A/ExceptionHandling
0x00007fff22a6a000 	/System/Library/PrivateFrameworks/CoreServicesInternal.framework/Versions/A/CoreServicesInternal
0x00007fff3106f000 	/System/Library/Frameworks/FileProvider.framework/Versions/A/FileProvider
0x00007fff26068000 	/System/Library/Frameworks/Accounts.framework/Versions/A/Accounts
0x00007fff31190000 	/System/Library/PrivateFrameworks/GenerationalStorage.framework/Versions/A/GenerationalStorage
0x00007fff30a8e000 	/System/Library/PrivateFrameworks/SymptomDiagnosticReporter.framework/Versions/A/SymptomDiagnosticReporter
0x00007fff2e380000 	/System/Library/PrivateFrameworks/AppContainer.framework/Versions/A/AppContainer
0x00007fff23bae000 	/System/Library/PrivateFrameworks/DesktopServicesPriv.framework/Versions/A/DesktopServicesPriv
0x00007fff22b9e000 	/usr/lib/libsandbox.1.dylib
0x00007fff272d9000 	/System/Library/PrivateFrameworks/UserManagement.framework/Versions/A/UserManagement
0x00007fff29bda000 	/System/Library/PrivateFrameworks/MobileKeyBag.framework/Versions/A/MobileKeyBag
0x00007fff344c5000 	/System/Library/PrivateFrameworks/ChunkingLibrary.framework/Versions/A/ChunkingLibrary
0x00007fff2e395000 	/System/Library/PrivateFrameworks/SecCodeWrapper.framework/Versions/A/SecCodeWrapper
0x00007fff2ae3a000 	/System/Library/PrivateFrameworks/CrashReporterSupport.framework/Versions/A/CrashReporterSupport
0x00007fff47761000 	/System/Library/PrivateFrameworks/OSAnalytics.framework/Versions/A/OSAnalytics
0x00007fff7837b000 	/usr/lib/libRosetta.dylib
0x00007fff32eaa000 	/System/Library/PrivateFrameworks/RemoteServiceDiscovery.framework/Versions/A/RemoteServiceDiscovery
0x00007fff51231000 	/System/Library/PrivateFrameworks/Symbolication.framework/Versions/A/Symbolication
0x00007fff32eba000 	/System/Library/PrivateFrameworks/RemoteXPC.framework/Versions/A/RemoteXPC
0x00007fff391af000 	/System/Library/PrivateFrameworks/OSAServicesClient.framework/Versions/A/OSAServicesClient
0x00007fff3d2a5000 	/System/Library/PrivateFrameworks/MallocStackLogging.framework/Versions/A/MallocStackLogging
0x00007fff2e118000 	/System/Library/PrivateFrameworks/Sharing.framework/Versions/A/Sharing
0x00007fff32a87000 	/System/Library/PrivateFrameworks/Apple80211.framework/Versions/A/Apple80211
0x00007fff2a25e000 	/System/Library/PrivateFrameworks/AuthKit.framework/Versions/A/AuthKit
0x00007fff299da000 	/System/Library/PrivateFrameworks/CoreUtils.framework/Versions/A/CoreUtils
0x00007fff29907000 	/System/Library/Frameworks/CoreWLAN.framework/Versions/A/CoreWLAN
0x00007fff2e25f000 	/System/Library/Frameworks/IOBluetooth.framework/Versions/A/IOBluetooth
0x00007fff32aeb000 	/System/Library/PrivateFrameworks/CoreWiFi.framework/Versions/A/CoreWiFi
0x00007fff2d7c9000 	/System/Library/PrivateFrameworks/CorePhoneNumbers.framework/Versions/A/CorePhoneNumbers
0x00007fff30b96000 	/System/Library/PrivateFrameworks/DiskManagement.framework/Versions/A/DiskManagement
0x00007fff30aac000 	/System/Library/PrivateFrameworks/AppleIDAuthSupport.framework/Versions/A/AppleIDAuthSupport
0x00007fff2d7a6000 	/System/Library/PrivateFrameworks/KeychainCircle.framework/Versions/A/KeychainCircle
0x00007fff30b62000 	/System/Library/PrivateFrameworks/MediaKit.framework/Versions/A/MediaKit
0x00007fff30ab9000 	/System/Library/Frameworks/DiscRecording.framework/Versions/A/DiscRecording
0x00007fff2af5c000 	/usr/lib/libCoreStorage.dylib
0x00007fff32f25000 	/usr/lib/libcsfde.dylib
0x00007fff2e399000 	/System/Library/PrivateFrameworks/ProtectedCloudStorage.framework/Versions/A/ProtectedCloudStorage
0x00007fff32f1d000 	/System/Library/PrivateFrameworks/EFILogin.framework/Versions/A/EFILogin
0x00007fff3350d000 	/System/Library/Frameworks/AudioUnit.framework/Versions/A/AudioUnit
0x00007fff309f8000 	/System/Library/Frameworks/CoreBluetooth.framework/Versions/A/CoreBluetooth
0x00007fff2af54000 	/usr/lib/libMatch.1.dylib
0x00007fff43483000 	/System/Library/CoreServices/RawCamera.bundle/Contents/MacOS/RawCamera
0x00007fff2d754000 	/System/Library/PrivateFrameworks/MobileAsset.framework/Versions/A/MobileAsset
0x00007fff33532000 	/System/Library/PrivateFrameworks/StreamingZip.framework/Versions/A/StreamingZip
0x00007fff2befd000 	/System/Library/Frameworks/MediaToolbox.framework/Versions/A/MediaToolbox
0x00007fff31041000 	/System/Library/PrivateFrameworks/CoreAVCHD.framework/Versions/A/CoreAVCHD
0x00007fff301d5000 	/System/Library/Frameworks/MediaAccessibility.framework/Versions/A/MediaAccessibility
0x00007fff3103d000 	/System/Library/PrivateFrameworks/Mangrove.framework/Versions/A/Mangrove
0x00007fff301e1000 	/System/Library/PrivateFrameworks/AlgosScoreFramework.framework/Versions/A/AlgosScoreFramework
0x00007fff319fc000 	/System/Library/PrivateFrameworks/AppleVPA.framework/Versions/A/AppleVPA
0x00007fff30c82000 	/System/Library/PrivateFrameworks/CoreAUC.framework/Versions/A/CoreAUC
0x00007fff40e7a000 	/System/Library/Frameworks/Accelerate.framework/Versions/A/Frameworks/vImage.framework/Versions/A/Libraries/libCGInterfaces.dylib
0x0000000150a8b000 	/usr/lib/libobjc-trampolines.dylib
0x00007fff35331000 	/System/Library/PrivateFrameworks/FamilyControls.framework/Versions/A/FamilyControls
0x00007fff35355000 	/System/Library/PrivateFrameworks/CommerceKit.framework/Versions/A/Frameworks/CommerceCore.framework/Versions/A/CommerceCore
0x00007fff30212000 	/System/Library/PrivateFrameworks/SystemAdministration.framework/Versions/A/SystemAdministration
0x00007fff2fb31000 	/System/Library/Frameworks/DirectoryService.framework/Versions/A/DirectoryService
0x00007fff32dc3000 	/System/Library/PrivateFrameworks/DiskImages.framework/Versions/A/DiskImages
0x00007fff32f97000 	/System/Library/PrivateFrameworks/LoginUIKit.framework/Versions/A/Frameworks/LoginUICore.framework/Versions/A/LoginUICore
0x00007fff2b897000 	/usr/lib/libodfde.dylib
0x00007fff32f31000 	/usr/lib/libcurl.4.dylib
0x00007fff32c91000 	/usr/lib/libcrypto.44.dylib
0x00007fff32d95000 	/usr/lib/libssl.46.dylib
0x00007fff32c57000 	/System/Library/Frameworks/LDAP.framework/Versions/A/LDAP
0x00007fff32c8f000 	/System/Library/PrivateFrameworks/TrustEvaluationAgent.framework/Versions/A/TrustEvaluationAgent
0x00007fff2cdb7000 	/usr/lib/libsasl2.2.dylib
0x00007fff30206000 	/System/Library/PrivateFrameworks/CoreDaemon.framework/Versions/B/CoreDaemon
0x00007fff30201000 	/System/Library/PrivateFrameworks/AppleSRP.framework/Versions/A/AppleSRP
0x00007fff26fdb000 	/System/Library/PrivateFrameworks/ViewBridge.framework/Versions/A/ViewBridge
0x00007fff2b6fe000 	/System/Library/PrivateFrameworks/login.framework/Versions/A/login
0x0000000152155000 	/Library/Java/JavaVirtualMachines/adoptopenjdk-8.jdk/Contents/Home/jre/lib/libfontmanager.dylib
0x00000001521c5000 	/Library/Java/JavaVirtualMachines/adoptopenjdk-8.jdk/Contents/Home/jre/lib/libfreetype.6.dylib
0x00000001518a2000 	/private/var/folders/vx/3lqyp0d50sqf1xjx2zfvtzq00000gn/T/lwjglluke/3.2.3-build-13/libopenvr_api.dylib
0x000000015249f000 	/Library/Java/JavaVirtualMachines/adoptopenjdk-8.jdk/Contents/Home/jre/lib/libmanagement.dylib
0x00007fff6b5db000 	/System/Library/Frameworks/OpenGL.framework/Versions/A/Resources/GLEngine.bundle/GLEngine
0x00007fff6b43b000 	/System/Library/Frameworks/OpenGL.framework/Versions/A/Libraries/libGLProgrammability.dylib
0x00007fff5e65f000 	/System/Library/Extensions/AppleIntelKBLGraphicsGLDriver.bundle/Contents/MacOS/AppleIntelKBLGraphicsGLDriver
0x00007fff46104000 	/System/Library/PrivateFrameworks/GPUSupport.framework/Versions/A/Libraries/libGPUSupportMercury.dylib
0x00000001529ff000 	/System/Library/Extensions/AMDRadeonX6000GLDriver.bundle/Contents/MacOS/AMDRadeonX6000GLDriver
0x00007fff6dc99000 	/System/Library/Extensions/AMDRadeonX6000GLDriver.bundle/Contents/MacOS/ATIRadeonX6000SCLib.dylib
0x00007fff5d917000 	/System/Library/Extensions/AMDShared.bundle/Contents/PlugIns/libSC.dylib
0x00007fff6b757000 	/System/Library/Frameworks/OpenGL.framework/Versions/A/Resources/GLRendererFloat.bundle/GLRendererFloat
0x0000000152c29000 	/Library/Java/JavaVirtualMachines/adoptopenjdk-8.jdk/Contents/Home/jre/lib/libosxui.dylib
0x0000000153452000 	/Library/Java/JavaVirtualMachines/adoptopenjdk-8.jdk/Contents/Home/jre/lib/libosx.dylib
0x00007fff5d486000 	/System/Library/Extensions/AppleIntelKBLGraphicsMTLDriver.bundle/Contents/MacOS/AppleIntelKBLGraphicsMTLDriver
0x00007fff3d2d9000 	/System/Library/PrivateFrameworks/GPURawCounter.framework/Versions/A/GPURawCounter
0x00000001c40c7000 	/System/Library/Extensions/AMDRadeonX6000MTLDriver.bundle/Contents/MacOS/AMDRadeonX6000MTLDriver
0x00007fff40a42000 	/System/Library/PrivateFrameworks/IOAccelMemoryInfo.framework/Versions/A/IOAccelMemoryInfo
0x00007fff68f34000 	/System/Library/PrivateFrameworks/GPUCompiler.framework/Versions/31001/Libraries/libmetal_timestamp.dylib
0x00007fff27497000 	/System/Library/PrivateFrameworks/CloudDocs.framework/Versions/A/CloudDocs
0x00007fff341e9000 	/System/Library/PrivateFrameworks/SpotlightIndex.framework/Versions/A/SpotlightIndex
0x00007fff30a98000 	/System/Library/PrivateFrameworks/PowerLog.framework/Versions/A/PowerLog
0x00007fff23d39000 	/System/Library/PrivateFrameworks/SpotlightLinguistics.framework/Versions/A/SpotlightLinguistics
0x00000001c5858000 	/private/var/folders/vx/3lqyp0d50sqf1xjx2zfvtzq00000gn/T/spirvcrossj-natives-tmp2910587862908973207/libspirvcrossj.jnilib
0x00000001c0deb000 	/private/var/folders/vx/3lqyp0d50sqf1xjx2zfvtzq00000gn/T/jogamp_0000/file_cache/jln6364892451765195551/jln6533737900439871374/natives/macosx-universal/libgluegen-rt.jnilib
0x00000001c0def000 	/private/var/folders/vx/3lqyp0d50sqf1xjx2zfvtzq00000gn/T/jogamp_0000/file_cache/jln6364892451765195551/jln6533737900439871374/natives/macosx-universal/libnativewindow_awt.jnilib
0x00000001c2a07000 	/Library/Java/JavaVirtualMachines/adoptopenjdk-8.jdk/Contents/Home/jre/lib/libjawt.dylib
0x00000001c2a0e000 	/private/var/folders/vx/3lqyp0d50sqf1xjx2zfvtzq00000gn/T/jogamp_0000/file_cache/jln6364892451765195551/jln6533737900439871374/natives/macosx-universal/libnativewindow_macosx.jnilib
0x00000001c3401000 	/private/var/folders/vx/3lqyp0d50sqf1xjx2zfvtzq00000gn/T/jogamp_0000/file_cache/jln6364892451765195551/jln6533737900439871374/natives/macosx-universal/libjogl_desktop.jnilib
0x00000001c34d5000 	/private/var/folders/vx/3lqyp0d50sqf1xjx2zfvtzq00000gn/T/jogamp_0000/file_cache/jln6364892451765195551/jln6533737900439871374/natives/macosx-universal/libjogl_mobile.jnilib
0x00000001c2a18000 	/private/var/folders/vx/3lqyp0d50sqf1xjx2zfvtzq00000gn/T/jogamp_0000/file_cache/jln6364892451765195551/jln6533737900439871374/natives/macosx-universal/libnewt.jnilib
0x0000000150675000 	/private/var/folders/vx/3lqyp0d50sqf1xjx2zfvtzq00000gn/T/scenery-natives-tmp1767143362544744058/libjinput-osx.dylib
0x00007fff6e449000 	/System/Library/Frameworks/JavaVM.framework/Versions/A/JavaVM
0x00000001c4c39000 	/System/Library/Extensions/IOHIDFamily.kext/Contents/PlugIns/IOHIDLib.plugin/Contents/MacOS/IOHIDLib
0x00007fff3d110000 	/System/Library/PrivateFrameworks/HIDAnalytics.framework/Versions/A/HIDAnalytics
0x0000000150a2c000 	/private/var/folders/vx/3lqyp0d50sqf1xjx2zfvtzq00000gn/T/jffi2750228431444568181.dylib

VM Arguments:
jvm_args: -ea -Djacoco-agent.destfile=/Users/luke/IdeaProjects/scenery-dimensional_reduction/target/jacoco.exec -Didea.test.cyclic.buffer.size=1048576 -javaagent:/Applications/IntelliJ IDEA CE.app/Contents/lib/idea_rt.jar=51905:/Applications/IntelliJ IDEA CE.app/Contents/bin -Dfile.encoding=UTF-8 
java_command: com.intellij.rt.junit.JUnitStarter -ideVersion5 -junit4 graphics.scenery.dimensionalreduction.TSNEVisualization
java_class_path (initial): /Applications/IntelliJ IDEA CE.app/Contents/lib/idea_rt.jar:/Applications/IntelliJ IDEA CE.app/Contents/plugins/junit/lib/junit5-rt.jar:/Applications/IntelliJ IDEA CE.app/Contents/plugins/junit/lib/junit-rt.jar:/Library/Java/JavaVirtualMachines/adoptopenjdk-8.jdk/Contents/Home/jre/lib/charsets.jar:/Library/Java/JavaVirtualMachines/adoptopenjdk-8.jdk/Contents/Home/jre/lib/ext/cldrdata.jar:/Library/Java/JavaVirtualMachines/adoptopenjdk-8.jdk/Contents/Home/jre/lib/ext/dnsns.jar:/Library/Java/JavaVirtualMachines/adoptopenjdk-8.jdk/Contents/Home/jre/lib/ext/jaccess.jar:/Library/Java/JavaVirtualMachines/adoptopenjdk-8.jdk/Contents/Home/jre/lib/ext/localedata.jar:/Library/Java/JavaVirtualMachines/adoptopenjdk-8.jdk/Contents/Home/jre/lib/ext/nashorn.jar:/Library/Java/JavaVirtualMachines/adoptopenjdk-8.jdk/Contents/Home/jre/lib/ext/sunec.jar:/Library/Java/JavaVirtualMachines/adoptopenjdk-8.jdk/Contents/Home/jre/lib/ext/sunjce_provider.jar:/Library/Java/JavaVirtualMachines/adoptopenjdk-8.jdk/Contents/Home/jre/lib/ext/sunpkcs11.jar:/Library/Java/JavaVirtualMachines/adoptopenjdk-8.jdk/Contents/Home/jre/lib/ext/zipfs.jar:/Library/Java/JavaVirtualMachines/adoptopenjdk-8.jdk/Contents/Home/jre/lib/jce.jar:/Library/Java/JavaVirtualMachines/adoptopenjdk-8.jdk/Contents/Home/jre/lib/jsse.jar:/Library/Java/JavaVirtualMachines/adoptopenjdk-8.jdk/Contents/Home/jre/lib/management-agent.jar:/Library/Java/JavaVirtualMachines/adoptopenjdk-8.jdk/Contents/Home/jre/lib/resources.jar:/Library/Java/JavaVirtualMachines/adoptopenjdk-8.jdk/Contents/Home/jre/lib/rt.jar:/Library/Java/JavaVirtualMachines/adoptopenjdk-8.jdk/Contents/Home/lib/dt.jar:/Library/Java/JavaVirtualMachines/adoptopenjdk-8.jdk/Contents/Home/lib/jconsole.jar:/Library/Java/JavaVirtualMachines/adoptopenjdk-8.jdk/Contents/Home/lib/sa-jdi.jar:/Library/Java/JavaVirtualMachines/adoptopenjdk-8.jdk/Contents/Home/lib/tools.jar:/Users/luke/IdeaProjects/scenery-dimensional_reduction/target/test-classes:/Users/luke
Launcher Type: SUN_STANDARD

Environment Variables:
PATH=/usr/local/bin:/usr/bin:/bin:/usr/sbin:/sbin:/Library/TeX/texbin:/Library/Apple/usr/bin:/Users/luke/bin
SHELL=/bin/zsh

Signal Handlers:
SIGSEGV: [libjvm.dylib+0x588183], sa_mask[0]=11111111011111110111111111111111, sa_flags=SA_ONSTACK|SA_RESTART|SA_SIGINFO
SIGBUS: [libjvm.dylib+0x588183], sa_mask[0]=11111111011111110111111111111111, sa_flags=SA_RESTART|SA_SIGINFO
SIGFPE: [libjvm.dylib+0x46288c], sa_mask[0]=11111111011111110111111111111111, sa_flags=SA_RESTART|SA_SIGINFO
SIGPIPE: [libjvm.dylib+0x46288c], sa_mask[0]=11111111011111110111111111111111, sa_flags=SA_RESTART|SA_SIGINFO
SIGXFSZ: [libjvm.dylib+0x46288c], sa_mask[0]=11111111011111110111111111111111, sa_flags=SA_RESTART|SA_SIGINFO
SIGILL: [libjvm.dylib+0x46288c], sa_mask[0]=11111111011111110111111111111111, sa_flags=SA_RESTART|SA_SIGINFO
SIGUSR1: SIG_DFL, sa_mask[0]=00000000000000000000000000000000, sa_flags=none
SIGUSR2: [libjvm.dylib+0x4623aa], sa_mask[0]=00100000000000000000000000000000, sa_flags=SA_RESTART|SA_SIGINFO
SIGHUP: [libjvm.dylib+0x460935], sa_mask[0]=11111111011111110111111111111111, sa_flags=SA_RESTART|SA_SIGINFO
SIGINT: [libjvm.dylib+0x460935], sa_mask[0]=11111111011111110111111111111111, sa_flags=SA_RESTART|SA_SIGINFO
SIGTERM: [libjvm.dylib+0x460935], sa_mask[0]=11111111011111110111111111111111, sa_flags=SA_RESTART|SA_SIGINFO
SIGQUIT: [libjvm.dylib+0x460935], sa_mask[0]=11111111011111110111111111111111, sa_flags=SA_RESTART|SA_SIGINFO


---------------  S Y S T E M  ---------------

OS:Bsduname:Darwin 20.1.0 Darwin Kernel Version 20.1.0: Sat Oct 31 00:07:11 PDT 2020; root:xnu-7195.50.7~2/RELEASE_X86_64 x86_64
rlimit: STACK 8192k, CORE 0k, NPROC 11136, NOFILE 10240, AS infinity
load average:2.11 1.80 1.72

CPU:total 16 (initial active 16) (8 cores per cpu, 2 threads per core) family 6 model 158 stepping 13, cmov, cx8, fxsr, mmx, sse, sse2, sse3, ssse3, sse4.1, sse4.2, popcnt, avx, avx2, aes, clmul, erms, 3dnowpref, lzcnt, ht, tsc, tscinvbit, bmi1, bmi2, adx

Memory: 4k page, physical 67108864k(1641960k free)

/proc/meminfo:


vm_info: OpenJDK 64-Bit Server VM (25.242-b08) for bsd-amd64 JRE (1.8.0_242-b08), built on Jan 19 2020 06:43:11 by "jenkins" with gcc 4.2.1 (Based on Apple Inc. build 5658) (LLVM build 2336.11.00)

time: Wed Nov 25 10:58:47 2020
timezone: PST
elapsed time: 13 seconds (0d 0h 0m 13s)

