#
# A fatal error has been detected by the Java Runtime Environment:
#
#  SIGSEGV (0xb) at pc=0x00007fff5da4224e, pid=52903, tid=0x000000000001fd7b
#
# JRE version: OpenJDK Runtime Environment (8.0_242-b08) (build 1.8.0_242-b08)
# Java VM: OpenJDK 64-Bit Server VM (25.242-b08 mixed mode bsd-amd64 compressed oops)
# Problematic frame:
# C  [libSC.dylib+0x12b24e]  CFG::ProcessCRet()+0x20e
#
# Failed to write core dump. Core dumps have been disabled. To enable core dumping, try "ulimit -c unlimited" before starting Java again
#
# If you would like to submit a bug report, please visit:
#   http://bugreport.java.com/bugreport/crash.jsp
# The crash happened outside the Java Virtual Machine in native code.
# See problematic frame for where to report the bug.
#

---------------  T H R E A D  ---------------

Current thread (0x00007fba32530800):  JavaThread "main @coroutine#3991" [_thread_in_native, id=130427, stack(0x0000700009279000,0x0000700009379000)]

siginfo: si_signo: 11 (SIGSEGV), si_code: 1 (SEGV_MAPERR), si_addr: 0x00000000000002ca

Registers:
RAX=0x0000000000000000, RBX=0x0000000000000000, RCX=0x0000000000000001, RDX=0x00007fba1198ba00
RSP=0x000070000936ec80, RBP=0x000070000936ed00, RSI=0x0000000000000000, RDI=0x00007fba1197ce88
R8 =0x0000000000000000, R9 =0x0000000000000000, R10=0x0000000000000004, R11=0xffffffffffe1d3e0
R12=0x00000000fffffef9, R13=0x00007fba11978538, R14=0x00007fba11a9db40, R15=0x000070000936ecd7
RIP=0x00007fff5da4224e, EFLAGS=0x0000000000010202, ERR=0x0000000000000004
  TRAPNO=0x000000000000000e

Top of Stack: (sp=0x000070000936ec80)
0x000070000936ec80:   00007fba11884cc8 00007fb990c917f0
0x000070000936ec90:   00007fba1188c418 00007fba11978538
0x000070000936eca0:   00007fba11883e28 00007fba11884d90
0x000070000936ecb0:   00007fba11a9c958 00007fba11884d98
0x000070000936ecc0:   00007fba11a9c268 00007fb993867c00
0x000070000936ecd0:   000070000936f4b0 00007fba11978538
0x000070000936ece0:   00007fb993867c00 00007fba1197cce8
0x000070000936ecf0:   0000000000000001 00007fb990c917f0
0x000070000936ed00:   000070000936ed30 00007fff5d9fac95
0x000070000936ed10:   ed3832546453000e 00007fba1197ccf0
0x000070000936ed20:   00007fba11b77530 00007fb9a0042920
0x000070000936ed30:   000070000936ee50 00007fff5da047bd
0x000070000936ed40:   0000000000000001 00000001097c6000
0x000070000936ed50:   0000000000000001 0000000000000000
0x000070000936ed60:   00007fff88aac000 00000000ffffffff
0x000070000936ed70:   00007fb993867c00 00007fb993867c00
0x000070000936ed80:   000070000936edc0 00007fba11b75a10
0x000070000936ed90:   00007fba11b6da18 00007fb993867c00
0x000070000936eda0:   0000000000007f00 0000000000000000
0x000070000936edb0:   00007fb9a0042820 0000000000007f10
0x000070000936edc0:   000070000936ede0 00007fb99384c4a0
0x000070000936edd0:   0000000000000000 00007fba11b75a18
0x000070000936ede0:   000070000936ee20 00007fff5d9f0a19
0x000070000936edf0:   0000000000000001 00007fb9a0042820
0x000070000936ee00:   0000000000000004 00007fb993867e40
0x000070000936ee10:   00007fb99384c4a0 00007fb993867c00
0x000070000936ee20:   000070000936ee50 00007fb993867c00
0x000070000936ee30:   00007fb9938687b8 00007fb993867e40
0x000070000936ee40:   00007fb99384c4a0 0000700009373118
0x000070000936ee50:   000070000936ee90 00007fff5da05a09
0x000070000936ee60:   00007fff8c965948 00007fb993867c00
0x000070000936ee70:   0000700009373118 00007fb99384c200 

Instructions: (pc=0x00007fff5da4224e)
0x00007fff5da4222e:   00 4c 8d 7d d7 66 2e 0f 1f 84 00 00 00 00 00 0f
0x00007fff5da4223e:   1f 00 48 89 df 4c 89 fe e8 d5 ec ff ff 48 89 c3
0x00007fff5da4224e:   80 b8 ca 02 00 00 00 74 e9 4c 8b 6d a8 41 83 7d
0x00007fff5da4225e:   0c 00 4c 8b 65 b8 74 27 45 31 ff 0f 1f 80 00 00 

Register to memory mapping:

RAX=0x0000000000000000 is an unknown value
RBX=0x0000000000000000 is an unknown value
RCX=0x0000000000000001 is an unknown value
RDX=0x00007fba1198ba00 is an unknown value
RSP=0x000070000936ec80 is pointing into the stack for thread: 0x00007fba32530800
RBP=0x000070000936ed00 is pointing into the stack for thread: 0x00007fba32530800
RSI=0x0000000000000000 is an unknown value
RDI=0x00007fba1197ce88 is an unknown value
R8 =0x0000000000000000 is an unknown value
R9 =0x0000000000000000 is an unknown value
R10=0x0000000000000004 is an unknown value
R11=0xffffffffffe1d3e0 is an unknown value
R12=0x00000000fffffef9 is an unknown value
R13=0x00007fba11978538 is an unknown value
R14=0x00007fba11a9db40 is an unknown value
R15=0x000070000936ecd7 is pointing into the stack for thread: 0x00007fba32530800


Stack: [0x0000700009279000,0x0000700009379000],  sp=0x000070000936ec80,  free space=983k
Native frames: (J=compiled Java code, j=interpreted, Vv=VM code, C=native code)
C  [libSC.dylib+0x12b24e]  CFG::ProcessCRet()+0x20e
C  [libSC.dylib+0xe3c95]  CFG::PostExpansionProcessing()+0x265
C  [libSC.dylib+0xed7bd]  Compiler::Compile(ILProgram*)+0x6ad
C  [libSC.dylib+0xeea09]  Compiler::CompileShader(unsigned char*, unsigned char*, unsigned int const*)+0x309
C  [libSC.dylib+0x7d4ffa]  SCCompileShader+0x12a
C  [AMDRadeonX6000GLDriver+0x27848]  glrAMD_GFX10_SCCompileHwPixelShader+0x35e
C  [AMDRadeonX6000GLDriver+0x5ea49]  glrAMD_Hwl_CompileFragmentShader+0xb1
C  [AMDRadeonX6000GLDriver+0x835f]  glrUpdateCtxSysFragmentProgram+0x558
C  [AMDRadeonX6000GLDriver+0x2df98]  gpusLoadCurrentPipelinePrograms+0x1148
C  [AMDRadeonX6000GLDriver+0xc3b0]  gldUpdateDispatch+0x7c4
C  [GLEngine+0xe776f]  gleDoDrawDispatchCoreGL3+0x2b2
C  [GLEngine+0xae940]  gleDrawArraysOrElements_Entries_Body+0x97
C  [GLEngine+0xab4cf]  glDrawElements_GL3Exec+0xe3
C  [libjogl_desktop.jnilib+0x286d1]  Java_jogamp_opengl_gl4_GL4bcImpl_dispatch_1glDrawElements1__IIIJJ+0x41
j  jogamp.opengl.gl4.GL4bcImpl.dispatch_glDrawElements1(IIIJJ)V+0
j  jogamp.opengl.gl4.GL4bcImpl.glDrawElements(IIIJ)V+53
j  graphics.scenery.backends.opengl.OpenGLRenderer.drawNode(Lgraphics/scenery/Node;ILjava/lang/Integer;)V+239
j  graphics.scenery.backends.opengl.OpenGLRenderer.drawNode$default(Lgraphics/scenery/backends/opengl/OpenGLRenderer;Lgraphics/scenery/Node;ILjava/lang/Integer;ILjava/lang/Object;)V+41
j  graphics.scenery.backends.opengl.OpenGLRenderer.renderFullscreenQuad(Lgraphics/scenery/backends/opengl/OpenGLShaderProgram;)V+179
J 6572 C1 graphics.scenery.backends.opengl.OpenGLRenderer$renderInternal$1.invokeSuspend(Ljava/lang/Object;)Ljava/lang/Object; (7941 bytes) @ 0x000000011683febc [0x0000000116822300+0x1dbbc]
J 6533 C1 kotlin.coroutines.jvm.internal.BaseContinuationImpl.resumeWith(Ljava/lang/Object;)V (142 bytes) @ 0x00000001167dd804 [0x00000001167dd4a0+0x364]
J 8149 C1 kotlinx.coroutines.DispatchedTask.run()V (580 bytes) @ 0x0000000116e61f8c [0x0000000116e60d20+0x126c]
J 8272 C2 kotlinx.coroutines.EventLoopImplBase.processNextEvent()J (213 bytes) @ 0x0000000116ed99c0 [0x0000000116ed9780+0x240]
j  kotlinx.coroutines.BlockingCoroutine.joinBlocking()Ljava/lang/Object;+87
J 6593 C1 kotlinx.coroutines.BuildersKt__BuildersKt.runBlocking(Lkotlin/coroutines/CoroutineContext;Lkotlin/jvm/functions/Function2;)Ljava/lang/Object; (170 bytes) @ 0x000000011681542c [0x00000001168141c0+0x126c]
J 6565 C1 graphics.scenery.backends.opengl.OpenGLRenderer.display(Lcom/jogamp/opengl/GLAutoDrawable;)V (263 bytes) @ 0x00000001168050d4 [0x00000001168021e0+0x2ef4]
J 6564 C1 jogamp.opengl.GLDrawableHelper.displayImpl(Lcom/jogamp/opengl/GLAutoDrawable;)V (86 bytes) @ 0x00000001167eca1c [0x00000001167ebba0+0xe7c]
J 6471 C1 jogamp.opengl.GLAutoDrawableBase$2.run()V (73 bytes) @ 0x000000011679a5ac [0x000000011679a1c0+0x3ec]
J 6430 C1 jogamp.opengl.GLDrawableHelper.invokeGLImpl(Lcom/jogamp/opengl/GLDrawable;Lcom/jogamp/opengl/GLContext;Ljava/lang/Runnable;Ljava/lang/Runnable;)V (579 bytes) @ 0x0000000115bb492c [0x0000000115bb3ae0+0xe4c]
J 6429 C1 jogamp.opengl.GLDrawableHelper.invokeGL(Lcom/jogamp/opengl/GLDrawable;Lcom/jogamp/opengl/GLContext;Ljava/lang/Runnable;Ljava/lang/Runnable;)V (76 bytes) @ 0x000000011603a2c4 [0x000000011603a200+0xc4]
J 6260 C1 com.jogamp.newt.opengl.GLWindow.display()V (144 bytes) @ 0x00000001156dba54 [0x00000001156db1a0+0x8b4]
J 6361 C1 com.jogamp.opengl.util.AWTAnimatorImpl.display(Ljava/util/ArrayList;ZZ)V (170 bytes) @ 0x000000011594d474 [0x000000011594cc20+0x854]
J 6193 C1 com.jogamp.opengl.util.AnimatorBase.display()V (29 bytes) @ 0x0000000115ead92c [0x0000000115ead860+0xcc]
j  com.jogamp.opengl.util.Animator$MainLoop.run()V+494
j  java.lang.Thread.run()V+11
v  ~StubRoutines::call_stub
V  [libjvm.dylib+0x2e3fa7]  JavaCalls::call_helper(JavaValue*, methodHandle*, JavaCallArguments*, Thread*)+0x6a7
V  [libjvm.dylib+0x2e474e]  JavaCalls::call_virtual(JavaValue*, KlassHandle, Symbol*, Symbol*, JavaCallArguments*, Thread*)+0x164
V  [libjvm.dylib+0x2e48fa]  JavaCalls::call_virtual(JavaValue*, Handle, KlassHandle, Symbol*, Symbol*, Thread*)+0x4a
V  [libjvm.dylib+0x3232ac]  thread_entry(JavaThread*, Thread*)+0x7c
V  [libjvm.dylib+0x541d0d]  JavaThread::thread_main_inner()+0x9b
V  [libjvm.dylib+0x5433f6]  JavaThread::run()+0x1c0
V  [libjvm.dylib+0x46529a]  java_start(Thread*)+0xf6
C  [libsystem_pthread.dylib+0x6950]  _pthread_start+0xe0
C  [libsystem_pthread.dylib+0x247b]  thread_start+0xf
C  0x0000000000000000

Java frames: (J=compiled Java code, j=interpreted, Vv=VM code)
j  jogamp.opengl.gl4.GL4bcImpl.dispatch_glDrawElements1(IIIJJ)V+0
j  jogamp.opengl.gl4.GL4bcImpl.glDrawElements(IIIJ)V+53
j  graphics.scenery.backends.opengl.OpenGLRenderer.drawNode(Lgraphics/scenery/Node;ILjava/lang/Integer;)V+239
j  graphics.scenery.backends.opengl.OpenGLRenderer.drawNode$default(Lgraphics/scenery/backends/opengl/OpenGLRenderer;Lgraphics/scenery/Node;ILjava/lang/Integer;ILjava/lang/Object;)V+41
j  graphics.scenery.backends.opengl.OpenGLRenderer.renderFullscreenQuad(Lgraphics/scenery/backends/opengl/OpenGLShaderProgram;)V+179
J 6572 C1 graphics.scenery.backends.opengl.OpenGLRenderer$renderInternal$1.invokeSuspend(Ljava/lang/Object;)Ljava/lang/Object; (7941 bytes) @ 0x000000011683febc [0x0000000116822300+0x1dbbc]
J 6533 C1 kotlin.coroutines.jvm.internal.BaseContinuationImpl.resumeWith(Ljava/lang/Object;)V (142 bytes) @ 0x00000001167dd804 [0x00000001167dd4a0+0x364]
J 8149 C1 kotlinx.coroutines.DispatchedTask.run()V (580 bytes) @ 0x0000000116e61f8c [0x0000000116e60d20+0x126c]
J 8272 C2 kotlinx.coroutines.EventLoopImplBase.processNextEvent()J (213 bytes) @ 0x0000000116ed99c0 [0x0000000116ed9780+0x240]
j  kotlinx.coroutines.BlockingCoroutine.joinBlocking()Ljava/lang/Object;+87
J 6593 C1 kotlinx.coroutines.BuildersKt__BuildersKt.runBlocking(Lkotlin/coroutines/CoroutineContext;Lkotlin/jvm/functions/Function2;)Ljava/lang/Object; (170 bytes) @ 0x000000011681542c [0x00000001168141c0+0x126c]
J 6565 C1 graphics.scenery.backends.opengl.OpenGLRenderer.display(Lcom/jogamp/opengl/GLAutoDrawable;)V (263 bytes) @ 0x00000001168050d4 [0x00000001168021e0+0x2ef4]
J 6564 C1 jogamp.opengl.GLDrawableHelper.displayImpl(Lcom/jogamp/opengl/GLAutoDrawable;)V (86 bytes) @ 0x00000001167eca1c [0x00000001167ebba0+0xe7c]
J 6471 C1 jogamp.opengl.GLAutoDrawableBase$2.run()V (73 bytes) @ 0x000000011679a5ac [0x000000011679a1c0+0x3ec]
J 6430 C1 jogamp.opengl.GLDrawableHelper.invokeGLImpl(Lcom/jogamp/opengl/GLDrawable;Lcom/jogamp/opengl/GLContext;Ljava/lang/Runnable;Ljava/lang/Runnable;)V (579 bytes) @ 0x0000000115bb492c [0x0000000115bb3ae0+0xe4c]
J 6429 C1 jogamp.opengl.GLDrawableHelper.invokeGL(Lcom/jogamp/opengl/GLDrawable;Lcom/jogamp/opengl/GLContext;Ljava/lang/Runnable;Ljava/lang/Runnable;)V (76 bytes) @ 0x000000011603a2c4 [0x000000011603a200+0xc4]
J 6260 C1 com.jogamp.newt.opengl.GLWindow.display()V (144 bytes) @ 0x00000001156dba54 [0x00000001156db1a0+0x8b4]
J 6361 C1 com.jogamp.opengl.util.AWTAnimatorImpl.display(Ljava/util/ArrayList;ZZ)V (170 bytes) @ 0x000000011594d474 [0x000000011594cc20+0x854]
J 6193 C1 com.jogamp.opengl.util.AnimatorBase.display()V (29 bytes) @ 0x0000000115ead92c [0x0000000115ead860+0xcc]
j  com.jogamp.opengl.util.Animator$MainLoop.run()V+494
j  java.lang.Thread.run()V+11
v  ~StubRoutines::call_stub

---------------  P R O C E S S  ---------------

Java Threads: ( => current thread )
  0x00007fb9a080c800 JavaThread "ForkJoinPool.commonPool-worker-7" daemon [_thread_blocked, id=113667, stack(0x000070000a7e3000,0x000070000a8e3000)]
  0x00007fba110f3000 JavaThread "ForkJoinPool.commonPool-worker-12" daemon [_thread_blocked, id=114179, stack(0x000070000a6e0000,0x000070000a7e0000)]
  0x00007fba020bf800 JavaThread "ForkJoinPool.commonPool-worker-14" daemon [_thread_blocked, id=98819, stack(0x000070000a5dd000,0x000070000a6dd000)]
  0x00007fb9f1073800 JavaThread "ForkJoinPool.commonPool-worker-5" daemon [_thread_blocked, id=94215, stack(0x000070000a4da000,0x000070000a5da000)]
  0x00007fba01874000 JavaThread "ForkJoinPool.commonPool-worker-10" daemon [_thread_blocked, id=95751, stack(0x000070000a3d7000,0x000070000a4d7000)]
  0x00007fba0107a000 JavaThread "ForkJoinPool.commonPool-worker-3" daemon [_thread_blocked, id=118023, stack(0x000070000a2d4000,0x000070000a3d4000)]
  0x00007fb9a080c000 JavaThread "ForkJoinPool.commonPool-worker-1" daemon [_thread_blocked, id=94727, stack(0x000070000a1d1000,0x000070000a2d1000)]
  0x00007fb996283800 JavaThread "ForkJoinPool.commonPool-worker-8" daemon [_thread_blocked, id=94471, stack(0x000070000a0ce000,0x000070000a1ce000)]
  0x00007fba340f9800 JavaThread "ForkJoinPool.commonPool-worker-6" daemon [_thread_blocked, id=117767, stack(0x0000700009fcb000,0x000070000a0cb000)]
  0x00007fb9a080b000 JavaThread "ForkJoinPool.commonPool-worker-15" daemon [_thread_blocked, id=96775, stack(0x0000700009ec8000,0x0000700009fc8000)]
  0x00007fba316e1800 JavaThread "ForkJoinPool.commonPool-worker-13" daemon [_thread_blocked, id=96519, stack(0x0000700009dc5000,0x0000700009ec5000)]
  0x00007fb9a080a800 JavaThread "ForkJoinPool.commonPool-worker-4" daemon [_thread_blocked, id=116487, stack(0x0000700009cc2000,0x0000700009dc2000)]
  0x00007fba32737800 JavaThread "ForkJoinPool.commonPool-worker-11" daemon [_thread_blocked, id=97799, stack(0x0000700009bbf000,0x0000700009cbf000)]
  0x00007fba340f8800 JavaThread "ForkJoinPool.commonPool-worker-2" daemon [_thread_blocked, id=98655, stack(0x0000700009abc000,0x0000700009bbc000)]
  0x00007fba11458000 JavaThread "ForkJoinPool.commonPool-worker-9" daemon [_thread_blocked, id=115571, stack(0x00007000099b9000,0x0000700009ab9000)]
  0x00007fb9f213c800 JavaThread "DefaultDispatcher-worker-2" daemon [_thread_blocked, id=114951, stack(0x00007000098b6000,0x00007000099b6000)]
  0x00007fb996275800 JavaThread "DefaultDispatcher-worker-1" daemon [_thread_blocked, id=93707, stack(0x00007000097b3000,0x00007000098b3000)]
  0x00007fba31780800 JavaThread "Thread-12" [_thread_blocked, id=45643, stack(0x00007000096b0000,0x00007000097b0000)]
  0x00007fb993a67000 JavaThread "SciJava-4ec0229c-Thread-0" [_thread_blocked, id=86855, stack(0x00007000095ad000,0x00007000096ad000)]
  0x00007fba11163800 JavaThread "process reaper" daemon [_thread_blocked, id=115831, stack(0x0000700009582000,0x00007000095aa000)]
  0x00007fb993a11800 JavaThread "Thread-11" [_thread_blocked, id=121923, stack(0x000070000947f000,0x000070000957f000)]
  0x00007fba33bbd800 JavaThread "pool-1-thread-1" [_thread_blocked, id=91987, stack(0x000070000854c000,0x000070000864c000)]
  0x00007fba32a5b800 JavaThread "Timer-3" [_thread_blocked, id=127055, stack(0x000070000937c000,0x000070000947c000)]
=>0x00007fba32530800 JavaThread "main @coroutine#3991" [_thread_in_native, id=130427, stack(0x0000700009279000,0x0000700009379000)]
  0x00007fba324b8800 JavaThread "main @coroutine#1-Display-.macosx_nil-1-EDT-1" daemon [_thread_blocked, id=87335, stack(0x0000700009176000,0x0000700009276000)]
  0x00007fba32da1000 JavaThread "Timer-2" [_thread_blocked, id=126471, stack(0x0000700009073000,0x0000700009173000)]
  0x00007fba33b92000 JavaThread "SciJava-7a24eb3-Thread-1" [_thread_blocked, id=62987, stack(0x0000700008f70000,0x0000700009070000)]
  0x00007fba118fb800 JavaThread "SciJava-7a24eb3-Thread-0" [_thread_blocked, id=1559, stack(0x0000700008e6d000,0x0000700008f6d000)]
  0x00007fba118e2800 JavaThread "pool-3-thread-1" [_thread_blocked, id=67331, stack(0x0000700008d6a000,0x0000700008e6a000)]
  0x00007fba343d8000 JavaThread "TimerQueue" daemon [_thread_blocked, id=67795, stack(0x0000700008c67000,0x0000700008d67000)]
  0x00007fba343d7800 JavaThread "AWT-EventQueue-0" [_thread_blocked, id=33055, stack(0x000070000895e000,0x0000700008a5e000)]
  0x00007fba343cb800 JavaThread "AWT-Shutdown" [_thread_blocked, id=69007, stack(0x0000700008343000,0x0000700008443000)]
  0x00007fb9f20ac800 JavaThread "Timer-0" daemon [_thread_blocked, id=60503, stack(0x0000700008b64000,0x0000700008c64000)]
  0x00007fba32b67800 JavaThread "pool-2-thread-1" [_thread_blocked, id=68355, stack(0x0000700008a61000,0x0000700008b61000)]
  0x00007fba11a69800 JavaThread "Java2D Disposer" daemon [_thread_blocked, id=69123, stack(0x000070000885b000,0x000070000895b000)]
  0x00007fba33ab5800 JavaThread "Java2D Queue Flusher" daemon [_thread_blocked, id=71447, stack(0x0000700008758000,0x0000700008858000)]
  0x00007fba31223000 JavaThread "AWT-AppKit" daemon [_thread_in_native, id=775, stack(0x00007ffee5c59000,0x00007ffee6459000)]
  0x00007fba119e3800 JavaThread "Attach Listener" daemon [_thread_blocked, id=25091, stack(0x0000700008240000,0x0000700008340000)]
  0x00007fba3381b000 JavaThread "Service Thread" daemon [_thread_blocked, id=24835, stack(0x000070000803a000,0x000070000813a000)]
  0x00007fba02808800 JavaThread "C1 CompilerThread11" daemon [_thread_blocked, id=39939, stack(0x0000700007f37000,0x0000700008037000)]
  0x00007fba02008800 JavaThread "C1 CompilerThread10" daemon [_thread_blocked, id=24323, stack(0x0000700007e34000,0x0000700007f34000)]
  0x00007fba0100b800 JavaThread "C1 CompilerThread9" daemon [_thread_blocked, id=23811, stack(0x0000700007d31000,0x0000700007e31000)]
  0x00007fba0100a800 JavaThread "C1 CompilerThread8" daemon [_thread_blocked, id=40451, stack(0x0000700007c2e000,0x0000700007d2e000)]
  0x00007fba0100a000 JavaThread "C2 CompilerThread7" daemon [_thread_blocked, id=23555, stack(0x0000700007b2b000,0x0000700007c2b000)]
  0x00007fba01818800 JavaThread "C2 CompilerThread6" daemon [_thread_in_native, id=41219, stack(0x0000700007a28000,0x0000700007b28000)]
  0x00007fba3301c800 JavaThread "C2 CompilerThread5" daemon [_thread_blocked, id=41731, stack(0x0000700007925000,0x0000700007a25000)]
  0x00007fba01009000 JavaThread "C2 CompilerThread4" daemon [_thread_blocked, id=23043, stack(0x0000700007822000,0x0000700007922000)]
  0x00007fba01008800 JavaThread "C2 CompilerThread3" daemon [_thread_in_native, id=41987, stack(0x000070000771f000,0x000070000781f000)]
  0x00007fba31029000 JavaThread "C2 CompilerThread2" daemon [_thread_blocked, id=42499, stack(0x000070000761c000,0x000070000771c000)]
  0x00007fba31008800 JavaThread "C2 CompilerThread1" daemon [_thread_blocked, id=43011, stack(0x0000700007519000,0x0000700007619000)]
  0x00007fba31028000 JavaThread "C2 CompilerThread0" daemon [_thread_blocked, id=43267, stack(0x0000700007416000,0x0000700007516000)]
  0x00007fba1280b000 JavaThread "Monitor Ctrl-Break" daemon [_thread_in_native, id=22019, stack(0x0000700007313000,0x0000700007413000)]
  0x00007fba1280a800 JavaThread "Signal Dispatcher" daemon [_thread_blocked, id=14339, stack(0x0000700007210000,0x0000700007310000)]
  0x00007fba3203c800 JavaThread "Finalizer" daemon [_thread_blocked, id=13315, stack(0x0000700007007000,0x0000700007107000)]
  0x00007fba3203a000 JavaThread "Reference Handler" daemon [_thread_blocked, id=18179, stack(0x0000700006f04000,0x0000700007004000)]
  0x00007fba3401a800 JavaThread "main" [_thread_blocked, id=3843, stack(0x0000700005fd7000,0x00007000060d7000)]

Other Threads:
  0x00007fba33810000 VMThread [stack: 0x0000700006e01000,0x0000700006f01000] [id=18691]
  0x00007fb9f1008800 WatcherThread [stack: 0x000070000813d000,0x000070000823d000] [id=39171]

VM state:not at safepoint (normal execution)

VM Mutex/Monitor currently owned by a thread: None

heap address: 0x00000003c0000000, size: 16384 MB, Compressed Oops mode: Zero based, Oop shift amount: 3
Narrow klass base: 0x0000000000000000, Narrow klass shift: 3
Compressed class space size: 1073741824 Address: 0x00000007c0000000

Heap:
 PSYoungGen      total 425984K, used 263410K [0x000000066ab00000, 0x0000000693700000, 0x00000007c0000000)
  eden space 382464K, 68% used [0x000000066ab00000,0x000000067ac3c910,0x0000000682080000)
  from space 43520K, 0% used [0x0000000682080000,0x0000000682080000,0x0000000684b00000)
  to   space 61440K, 0% used [0x000000068fb00000,0x000000068fb00000,0x0000000693700000)
 ParOldGen       total 803328K, used 51164K [0x00000003c0000000, 0x00000003f1080000, 0x000000066ab00000)
  object space 803328K, 6% used [0x00000003c0000000,0x00000003c31f71a0,0x00000003f1080000)
 Metaspace       used 75420K, capacity 77263K, committed 77696K, reserved 1116160K
  class space    used 10919K, capacity 11327K, committed 11392K, reserved 1048576K

Card table byte_map: [0x00000001127b5000,0x00000001147b6000] byte_map_base: 0x00000001109b5000

Marking Bits: (ParMarkBitMap*) 0x000000011209f5b0
 Begin Bits: [0x0000000125889000, 0x0000000135889000)
 End Bits:   [0x0000000135889000, 0x0000000145889000)

Polling page: 0x00000001097f3000

CodeCache: size=245760Kb used=30694Kb max_used=30695Kb free=215065Kb
 bounds [0x0000000115333000, 0x0000000117153000, 0x0000000124333000]
 total_blobs=9691 nmethods=7934 adapters=1667
 compilation: enabled

Compilation events (10 events):
Event: 14.273 Thread 0x00007fba02008800 nmethod 8805 0x000000011713aed0 code [0x000000011713b0a0, 0x000000011713b6d8]
Event: 14.273 Thread 0x00007fba0100b800 nmethod 8802 0x0000000117143c90 code [0x0000000117143ee0, 0x0000000117144c28]
Event: 14.277 Thread 0x00007fba31029000 nmethod 8804 0x00000001171472d0 code [0x00000001171474c0, 0x0000000117147bd8]
Event: 14.288 Thread 0x00007fba3301c800 8806       4       kotlin.coroutines.intrinsics.IntrinsicsKt__IntrinsicsJvmKt::intercepted (36 bytes)
Event: 14.290 Thread 0x00007fba3301c800 nmethod 8806 0x0000000117148290 code [0x0000000117148420, 0x0000000117148718]
Event: 14.291 Thread 0x00007fba02808800 8807       1       graphics.scenery.Mesh::getVertexSize (5 bytes)
Event: 14.291 Thread 0x00007fba02808800 nmethod 8807 0x00000001171439d0 code [0x0000000117143b20, 0x0000000117143c30]
Event: 14.292 Thread 0x00007fba01818800 8808 %     4       graphics.scenery.SceneryBase::sceneryMain$suspendImpl @ 2263 (3509 bytes)
Event: 14.295 Thread 0x00007fba0100a800 8809       1       com.jogamp.common.util.VersionNumber::getMajor (5 bytes)
Event: 14.295 Thread 0x00007fba0100a800 nmethod 8809 0x0000000117143710 code [0x0000000117143860, 0x0000000117143970]

GC Heap History (10 events):
Event: 3.799 GC heap before
{Heap before GC invocations=4 (full 1):
 PSYoungGen      total 305664K, used 93668K [0x000000066ab00000, 0x0000000690000000, 0x00000007c0000000)
  eden space 262144K, 35% used [0x000000066ab00000,0x0000000670679198,0x000000067ab00000)
  from space 43520K, 0% used [0x000000067d580000,0x000000067d580000,0x0000000680000000)
  to   space 43520K, 0% used [0x000000067ab00000,0x000000067ab00000,0x000000067d580000)
 ParOldGen       total 369152K, used 5833K [0x00000003c0000000, 0x00000003d6880000, 0x000000066ab00000)
  object space 369152K, 1% used [0x00000003c0000000,0x00000003c05b2778,0x00000003d6880000)
 Metaspace       used 34401K, capacity 35238K, committed 35496K, reserved 1081344K
  class space    used 4221K, capacity 4551K, committed 4608K, reserved 1048576K
Event: 3.803 GC heap after
Heap after GC invocations=4 (full 1):
 PSYoungGen      total 305664K, used 9145K [0x000000066ab00000, 0x0000000688900000, 0x00000007c0000000)
  eden space 262144K, 0% used [0x000000066ab00000,0x000000066ab00000,0x000000067ab00000)
  from space 43520K, 21% used [0x000000067ab00000,0x000000067b3ee408,0x000000067d580000)
  to   space 43520K, 0% used [0x0000000685e80000,0x0000000685e80000,0x0000000688900000)
 ParOldGen       total 369152K, used 5841K [0x00000003c0000000, 0x00000003d6880000, 0x000000066ab00000)
  object space 369152K, 1% used [0x00000003c0000000,0x00000003c05b4778,0x00000003d6880000)
 Metaspace       used 34401K, capacity 35238K, committed 35496K, reserved 1081344K
  class space    used 4221K, capacity 4551K, committed 4608K, reserved 1048576K
}
Event: 3.803 GC heap before
{Heap before GC invocations=5 (full 2):
 PSYoungGen      total 305664K, used 9145K [0x000000066ab00000, 0x0000000688900000, 0x00000007c0000000)
  eden space 262144K, 0% used [0x000000066ab00000,0x000000066ab00000,0x000000067ab00000)
  from space 43520K, 21% used [0x000000067ab00000,0x000000067b3ee408,0x000000067d580000)
  to   space 43520K, 0% used [0x0000000685e80000,0x0000000685e80000,0x0000000688900000)
 ParOldGen       total 369152K, used 5841K [0x00000003c0000000, 0x00000003d6880000, 0x000000066ab00000)
  object space 369152K, 1% used [0x00000003c0000000,0x00000003c05b4778,0x00000003d6880000)
 Metaspace       used 34401K, capacity 35238K, committed 35496K, reserved 1081344K
  class space    used 4221K, capacity 4551K, committed 4608K, reserved 1048576K
Event: 3.829 GC heap after
Heap after GC invocations=5 (full 2):
 PSYoungGen      total 305664K, used 0K [0x000000066ab00000, 0x0000000688900000, 0x00000007c0000000)
  eden space 262144K, 0% used [0x000000066ab00000,0x000000066ab00000,0x000000067ab00000)
  from space 43520K, 0% used [0x000000067ab00000,0x000000067ab00000,0x000000067d580000)
  to   space 43520K, 0% used [0x0000000685e80000,0x0000000685e80000,0x0000000688900000)
 ParOldGen       total 556032K, used 13684K [0x00000003c0000000, 0x00000003e1f00000, 0x000000066ab00000)
  object space 556032K, 2% used [0x00000003c0000000,0x00000003c0d5d160,0x00000003e1f00000)
 Metaspace       used 34401K, capacity 35238K, committed 35496K, reserved 1081344K
  class space    used 4221K, capacity 4551K, committed 4608K, reserved 1048576K
}
Event: 9.145 GC heap before
{Heap before GC invocations=6 (full 2):
 PSYoungGen      total 305664K, used 262144K [0x000000066ab00000, 0x0000000688900000, 0x00000007c0000000)
  eden space 262144K, 100% used [0x000000066ab00000,0x000000067ab00000,0x000000067ab00000)
  from space 43520K, 0% used [0x000000067ab00000,0x000000067ab00000,0x000000067d580000)
  to   space 43520K, 0% used [0x0000000685e80000,0x0000000685e80000,0x0000000688900000)
 ParOldGen       total 556032K, used 13684K [0x00000003c0000000, 0x00000003e1f00000, 0x000000066ab00000)
  object space 556032K, 2% used [0x00000003c0000000,0x00000003c0d5d160,0x00000003e1f00000)
 Metaspace       used 42017K, capacity 42969K, committed 43264K, reserved 1087488K
  class space    used 5208K, capacity 5567K, committed 5632K, reserved 1048576K
Event: 9.154 GC heap after
Heap after GC invocations=6 (full 2):
 PSYoungGen      total 402944K, used 23348K [0x000000066ab00000, 0x0000000687580000, 0x00000007c0000000)
  eden space 379392K, 0% used [0x000000066ab00000,0x000000066ab00000,0x0000000681d80000)
  from space 23552K, 99% used [0x0000000685e80000,0x000000068754d060,0x0000000687580000)
  to   space 43520K, 0% used [0x0000000682080000,0x0000000682080000,0x0000000684b00000)
 ParOldGen       total 556032K, used 13692K [0x00000003c0000000, 0x00000003e1f00000, 0x000000066ab00000)
  object space 556032K, 2% used [0x00000003c0000000,0x00000003c0d5f160,0x00000003e1f00000)
 Metaspace       used 42017K, capacity 42969K, committed 43264K, reserved 1087488K
  class space    used 5208K, capacity 5567K, committed 5632K, reserved 1048576K
}
Event: 12.170 GC heap before
{Heap before GC invocations=7 (full 2):
 PSYoungGen      total 402944K, used 371956K [0x000000066ab00000, 0x0000000687580000, 0x00000007c0000000)
  eden space 379392K, 91% used [0x000000066ab00000,0x000000067ff70108,0x0000000681d80000)
  from space 23552K, 99% used [0x0000000685e80000,0x000000068754d060,0x0000000687580000)
  to   space 43520K, 0% used [0x0000000682080000,0x0000000682080000,0x0000000684b00000)
 ParOldGen       total 556032K, used 13692K [0x00000003c0000000, 0x00000003e1f00000, 0x000000066ab00000)
  object space 556032K, 2% used [0x00000003c0000000,0x00000003c0d5f160,0x00000003e1f00000)
 Metaspace       used 57610K, capacity 58667K, committed 59160K, reserved 1101824K
  class space    used 6665K, capacity 7025K, committed 7040K, reserved 1048576K
Event: 12.195 GC heap after
Heap after GC invocations=7 (full 2):
 PSYoungGen      total 425984K, used 43510K [0x000000066ab00000, 0x0000000693700000, 0x00000007c0000000)
  eden space 382464K, 0% used [0x000000066ab00000,0x000000066ab00000,0x0000000682080000)
  from space 43520K, 99% used [0x0000000682080000,0x0000000684afdbc8,0x0000000684b00000)
  to   space 61440K, 0% used [0x000000068fb00000,0x000000068fb00000,0x0000000693700000)
 ParOldGen       total 556032K, used 41364K [0x00000003c0000000, 0x00000003e1f00000, 0x000000066ab00000)
  object space 556032K, 7% used [0x00000003c0000000,0x00000003c2865270,0x00000003e1f00000)
 Metaspace       used 57610K, capacity 58667K, committed 59160K, reserved 1101824K
  class space    used 6665K, capacity 7025K, committed 7040K, reserved 1048576K
}
Event: 12.195 GC heap before
{Heap before GC invocations=8 (full 3):
 PSYoungGen      total 425984K, used 43510K [0x000000066ab00000, 0x0000000693700000, 0x00000007c0000000)
  eden space 382464K, 0% used [0x000000066ab00000,0x000000066ab00000,0x0000000682080000)
  from space 43520K, 99% used [0x0000000682080000,0x0000000684afdbc8,0x0000000684b00000)
  to   space 61440K, 0% used [0x000000068fb00000,0x000000068fb00000,0x0000000693700000)
 ParOldGen       total 556032K, used 41364K [0x00000003c0000000, 0x00000003e1f00000, 0x000000066ab00000)
  object space 556032K, 7% used [0x00000003c0000000,0x00000003c2865270,0x00000003e1f00000)
 Metaspace       used 57610K, capacity 58667K, committed 59160K, reserved 1101824K
  class space    used 6665K, capacity 7025K, committed 7040K, reserved 1048576K
Event: 12.326 GC heap after
Heap after GC invocations=8 (full 3):
 PSYoungGen      total 425984K, used 0K [0x000000066ab00000, 0x0000000693700000, 0x00000007c0000000)
  eden space 382464K, 0% used [0x000000066ab00000,0x000000066ab00000,0x0000000682080000)
  from space 43520K, 0% used [0x0000000682080000,0x0000000682080000,0x0000000684b00000)
  to   space 61440K, 0% used [0x000000068fb00000,0x000000068fb00000,0x0000000693700000)
 ParOldGen       total 803328K, used 51164K [0x00000003c0000000, 0x00000003f1080000, 0x000000066ab00000)
  object space 803328K, 6% used [0x00000003c0000000,0x00000003c31f71a0,0x00000003f1080000)
 Metaspace       used 57610K, capacity 58667K, committed 59160K, reserved 1101824K
  class space    used 6665K, capacity 7025K, committed 7040K, reserved 1048576K
}

Deoptimization events (10 events):
Event: 13.783 Thread 0x00007fba3401a800 Uncommon trap: reason=bimorphic action=maybe_recompile pc=0x0000000116c0bc80 method=kotlin.coroutines.CombinedContext.minusKey(Lkotlin/coroutines/CoroutineContext$Key;)Lkotlin/coroutines/CoroutineContext; @ 11
Event: 13.783 Thread 0x00007fba3401a800 Uncommon trap: reason=class_check action=maybe_recompile pc=0x0000000115928f78 method=kotlin.coroutines.CoroutineContext$plus$1.invoke(Lkotlin/coroutines/CoroutineContext;Lkotlin/coroutines/CoroutineContext$Element;)Lkotlin/coroutines/CoroutineContext; @ 
Event: 13.786 Thread 0x00007fba3401a800 Uncommon trap: reason=unstable_if action=reinterpret pc=0x0000000116bd9728 method=java.lang.Thread.setName(Ljava/lang/String;)V @ 27
Event: 13.796 Thread 0x00007fba32530800 Uncommon trap: reason=unstable_if action=reinterpret pc=0x0000000116a074e4 method=sun.util.calendar.AbstractCalendar.getTime(Lsun/util/calendar/CalendarDate;)J @ 34
Event: 13.796 Thread 0x00007fba32530800 Uncommon trap: reason=unstable_if action=reinterpret pc=0x00000001169f2d9c method=sun.util.calendar.AbstractCalendar.getCalendarDate(JLsun/util/calendar/CalendarDate;)Lsun/util/calendar/CalendarDate; @ 20
Event: 13.796 Thread 0x00007fba32530800 Uncommon trap: reason=unstable_if action=reinterpret pc=0x00000001169ee2d4 method=sun.util.calendar.AbstractCalendar.getCalendarDate(JLsun/util/calendar/CalendarDate;)Lsun/util/calendar/CalendarDate; @ 20
Event: 13.797 Thread 0x00007fba3401a800 Uncommon trap: reason=null_check action=make_not_entrant pc=0x0000000115928fa8 method=kotlin.coroutines.CoroutineContext$plus$1.invoke(Lkotlin/coroutines/CoroutineContext;Lkotlin/coroutines/CoroutineContext$Element;)Lkotlin/coroutines/CoroutineContext; @ 
Event: 13.797 Thread 0x00007fba3401a800 Uncommon trap: reason=bimorphic action=maybe_recompile pc=0x0000000116c0bc80 method=kotlin.coroutines.CombinedContext.minusKey(Lkotlin/coroutines/CoroutineContext$Key;)Lkotlin/coroutines/CoroutineContext; @ 11
Event: 13.797 Thread 0x00007fba3401a800 Uncommon trap: reason=bimorphic action=maybe_recompile pc=0x0000000116c0bc80 method=kotlin.coroutines.CombinedContext.minusKey(Lkotlin/coroutines/CoroutineContext$Key;)Lkotlin/coroutines/CoroutineContext; @ 11
Event: 14.114 Thread 0x00007fba32530800 Uncommon trap: reason=unstable_if action=reinterpret pc=0x000000011629eff4 method=java.lang.Integer.numberOfTrailingZeros(I)I @ 16

Classes redefined (0 events):
No events

Internal exceptions (10 events):
Event: 13.742 Thread 0x00007fba3401a800 Exception <a 'java/io/FileNotFoundException'> (0x00000006785023d8) thrown at [/Users/jenkins/workspace/build-scripts/jobs/jdk8u/jdk8u-mac-x64-hotspot/workspace/build/src/hotspot/src/share/vm/prims/jni.cpp, line 710]
Event: 13.745 Thread 0x00007fba3401a800 Exception <a 'java/io/FileNotFoundException'> (0x000000067855e6c0) thrown at [/Users/jenkins/workspace/build-scripts/jobs/jdk8u/jdk8u-mac-x64-hotspot/workspace/build/src/hotspot/src/share/vm/prims/jni.cpp, line 710]
Event: 13.745 Thread 0x00007fba3401a800 Exception <a 'java/io/FileNotFoundException'> (0x0000000678561068) thrown at [/Users/jenkins/workspace/build-scripts/jobs/jdk8u/jdk8u-mac-x64-hotspot/workspace/build/src/hotspot/src/share/vm/prims/jni.cpp, line 710]
Event: 13.745 Thread 0x00007fba3401a800 Exception <a 'java/io/FileNotFoundException'> (0x00000006785637f0) thrown at [/Users/jenkins/workspace/build-scripts/jobs/jdk8u/jdk8u-mac-x64-hotspot/workspace/build/src/hotspot/src/share/vm/prims/jni.cpp, line 710]
Event: 13.783 Thread 0x00007fba3401a800 Implicit null exception at 0x000000011593842f to 0x0000000115938829
Event: 13.796 Thread 0x00007fba32530800 Implicit null exception at 0x0000000116a06060 to 0x0000000116a074c5
Event: 13.796 Thread 0x00007fba32530800 Implicit null exception at 0x00000001169f205e to 0x00000001169f2d89
Event: 13.796 Thread 0x00007fba32530800 Implicit null exception at 0x00000001169ed59e to 0x00000001169ee2c1
Event: 13.797 Thread 0x00007fba3401a800 Implicit null exception at 0x0000000115928c2b to 0x0000000115928f9d
Event: 14.112 Thread 0x00007fba32530800 Exception <a 'sun/nio/fs/UnixException'> (0x000000067a898478) thrown at [/Users/jenkins/workspace/build-scripts/jobs/jdk8u/jdk8u-mac-x64-hotspot/workspace/build/src/hotspot/src/share/vm/prims/jni.cpp, line 710]

Events (10 events):
Event: 14.114 Thread 0x00007fba32530800 DEOPT PACKING pc=0x000000011629eff4 sp=0x0000700009376590
Event: 14.114 Thread 0x00007fba32530800 DEOPT UNPACKING pc=0x000000011537847a sp=0x0000700009376548 mode 2
Event: 14.117 loading class graphics/scenery/textures/Texture$Companion
Event: 14.117 loading class graphics/scenery/textures/Texture$Companion done
Event: 14.117 loading class graphics/scenery/textures/Texture$FilteringMode
Event: 14.117 loading class graphics/scenery/textures/Texture$FilteringMode done
Event: 14.118 loading class graphics/scenery/textures/Texture$UsageType
Event: 14.118 loading class graphics/scenery/textures/Texture$UsageType done
Event: 14.227 Thread 0x00007fba33bbd800 DEOPT PACKING pc=0x0000000116efe7a1 sp=0x000070000864b4c0
Event: 14.227 Thread 0x00007fba33bbd800 DEOPT UNPACKING pc=0x000000011537a4c4 sp=0x000070000864b218 mode 0


Dynamic libraries:
0x00007fff34f0b000 	/System/Library/Frameworks/Cocoa.framework/Versions/A/Cocoa
0x00007fff221c6000 	/System/Library/Frameworks/Security.framework/Versions/A/Security
0x00007fff3315a000 	/System/Library/Frameworks/ApplicationServices.framework/Versions/A/ApplicationServices
0x00007fff2a433000 	/usr/lib/libz.1.dylib
0x00007fff2a4fb000 	/usr/lib/libSystem.B.dylib
0x00007fff201b0000 	/usr/lib/libobjc.A.dylib
0x00007fff2113a000 	/System/Library/Frameworks/Foundation.framework/Versions/C/Foundation
0x00007fff20390000 	/System/Library/Frameworks/CoreFoundation.framework/Versions/A/CoreFoundation
0x00007fff22bea000 	/System/Library/Frameworks/AppKit.framework/Versions/C/AppKit
0x00007fff25a73000 	/System/Library/Frameworks/CoreData.framework/Versions/A/CoreData
0x00007fff23947000 	/System/Library/PrivateFrameworks/UIFoundation.framework/Versions/A/UIFoundation
0x00007fff2fb3d000 	/System/Library/PrivateFrameworks/RemoteViewServices.framework/Versions/A/RemoteViewServices
0x00007fff2895f000 	/System/Library/PrivateFrameworks/XCTTargetBootstrap.framework/Versions/A/XCTTargetBootstrap
0x00007fff2b63a000 	/usr/lib/libspindump.dylib
0x00007fff23b9b000 	/System/Library/Frameworks/UniformTypeIdentifiers.framework/Versions/A/UniformTypeIdentifiers
0x00007fff27131000 	/usr/lib/libapp_launch_measurement.dylib
0x00007fff27134000 	/System/Library/PrivateFrameworks/CoreAutoLayout.framework/Versions/A/CoreAutoLayout
0x00007fff282c0000 	/System/Library/Frameworks/Metal.framework/Versions/A/Metal
0x00007fff28fae000 	/usr/lib/liblangid.dylib
0x00007fff28963000 	/System/Library/PrivateFrameworks/CoreSVG.framework/Versions/A/CoreSVG
0x00007fff24b82000 	/System/Library/PrivateFrameworks/SkyLight.framework/Versions/A/SkyLight
0x00007fff24ee1000 	/System/Library/Frameworks/CoreGraphics.framework/Versions/A/CoreGraphics
0x00007fff30194000 	/System/Library/Frameworks/Accelerate.framework/Versions/A/Accelerate
0x00007fff2b075000 	/System/Library/PrivateFrameworks/IconServices.framework/Versions/A/IconServices
0x00007fff282a1000 	/System/Library/Frameworks/IOSurface.framework/Versions/A/IOSurface
0x00007fff263fb000 	/usr/lib/libDiagnosticMessagesClient.dylib
0x00007fff2894b000 	/System/Library/PrivateFrameworks/DFRFoundation.framework/Versions/A/DFRFoundation
0x00007fff22516000 	/usr/lib/libicucore.A.dylib
0x00007fff2cb77000 	/System/Library/Frameworks/AudioToolbox.framework/Versions/A/AudioToolbox
0x00007fff2be22000 	/System/Library/PrivateFrameworks/DataDetectorsCore.framework/Versions/A/DataDetectorsCore
0x00007fff2864b000 	/System/Library/Frameworks/Carbon.framework/Versions/A/Frameworks/HIToolbox.framework/Versions/A/HIToolbox
0x00007fff26b94000 	/System/Library/Frameworks/QuartzCore.framework/Versions/A/QuartzCore
0x00007fff2fb79000 	/System/Library/Frameworks/Carbon.framework/Versions/A/Frameworks/SpeechRecognition.framework/Versions/A/SpeechRecognition
0x00007fff26e99000 	/System/Library/PrivateFrameworks/CoreUI.framework/Versions/A/CoreUI
0x00007fff21b22000 	/System/Library/Frameworks/CoreAudio.framework/Versions/A/CoreAudio
0x00007fff264e6000 	/System/Library/Frameworks/DiskArbitration.framework/Versions/A/DiskArbitration
0x00007fff2ba33000 	/System/Library/PrivateFrameworks/MultitouchSupport.framework/Versions/A/MultitouchSupport
0x00007fff2be19000 	/System/Library/PrivateFrameworks/InternationalSupport.framework/Versions/A/InternationalSupport
0x00007fff24af6000 	/usr/lib/libenergytrace.dylib
0x00007fff22ae4000 	/System/Library/Frameworks/IOKit.framework/Versions/A/IOKit
0x00007fff2fec6000 	/System/Library/Frameworks/CoreServices.framework/Versions/A/CoreServices
0x00007fff270c7000 	/System/Library/PrivateFrameworks/PerformanceAnalysis.framework/Versions/A/PerformanceAnalysis
0x00007fff6b3ae000 	/System/Library/Frameworks/OpenGL.framework/Versions/A/OpenGL
0x00007fff2be9e000 	/System/Library/PrivateFrameworks/UserActivity.framework/Versions/A/UserActivity
0x00007fff25575000 	/System/Library/Frameworks/ColorSync.framework/Versions/A/ColorSync
0x00007fff28bc7000 	/System/Library/Frameworks/CoreImage.framework/Versions/A/CoreImage
0x00007fff21938000 	/System/Library/Frameworks/CoreText.framework/Versions/A/CoreText
0x00007fff2898d000 	/System/Library/Frameworks/ImageIO.framework/Versions/A/ImageIO
0x00007fff2a501000 	/System/Library/PrivateFrameworks/SoftLinking.framework/Versions/A/SoftLinking
0x00007fff2717d000 	/usr/lib/libxml2.2.dylib
0x00007fff20275000 	/usr/lib/libc++.1.dylib
0x00007fff2a773000 	/usr/lib/libcompression.dylib
0x00007fff24af7000 	/usr/lib/libMobileGestalt.dylib
0x00007fff2bd4c000 	/System/Library/PrivateFrameworks/TextureIO.framework/Versions/A/TextureIO
0x00007fff2ad99000 	/usr/lib/libate.dylib
0x00007fff2a4f5000 	/usr/lib/system/libcache.dylib
0x00007fff2a4b1000 	/usr/lib/system/libcommonCrypto.dylib
0x00007fff2a4db000 	/usr/lib/system/libcompiler_rt.dylib
0x00007fff2a4d0000 	/usr/lib/system/libcopyfile.dylib
0x00007fff200a2000 	/usr/lib/system/libcorecrypto.dylib
0x00007fff2016b000 	/usr/lib/system/libdispatch.dylib
0x00007fff2031f000 	/usr/lib/system/libdyld.dylib
0x00007fff2a4ec000 	/usr/lib/system/libkeymgr.dylib
0x00007fff2d926000 	/usr/lib/system/liblaunch.dylib
0x00007fff2a48f000 	/usr/lib/system/libmacho.dylib
0x00007fff29caa000 	/usr/lib/system/libquarantine.dylib
0x00007fff2a4e9000 	/usr/lib/system/libremovefile.dylib
0x00007fff24b53000 	/usr/lib/system/libsystem_asl.dylib
0x00007fff20052000 	/usr/lib/system/libsystem_blocks.dylib
0x00007fff201ec000 	/usr/lib/system/libsystem_c.dylib
0x00007fff2a4e3000 	/usr/lib/system/libsystem_collections.dylib
0x00007fff28f9f000 	/usr/lib/system/libsystem_configuration.dylib
0x00007fff28290000 	/usr/lib/system/libsystem_containermanager.dylib
0x00007fff2a22b000 	/usr/lib/system/libsystem_coreservices.dylib
0x00007fff22778000 	/usr/lib/system/libsystem_darwin.dylib
0x00007fff2a4ed000 	/usr/lib/system/libsystem_dnssd.dylib
0x00007fff201e9000 	/usr/lib/system/libsystem_featureflags.dylib
0x00007fff20364000 	/usr/lib/system/libsystem_info.dylib
0x00007fff2a446000 	/usr/lib/system/libsystem_m.dylib
0x00007fff2013e000 	/usr/lib/system/libsystem_malloc.dylib
0x00007fff24ae7000 	/usr/lib/system/libsystem_networkextension.dylib
0x00007fff22b92000 	/usr/lib/system/libsystem_notify.dylib
0x00007fff2fdc4000 	/usr/lib/system/libsystem_product_info_filter.dylib
0x00007fff28fa3000 	/usr/lib/system/libsystem_sandbox.dylib
0x00007fff2a4e6000 	/usr/lib/system/libsystem_secinit.dylib
0x00007fff202e4000 	/usr/lib/system/libsystem_kernel.dylib
0x00007fff2035a000 	/usr/lib/system/libsystem_platform.dylib
0x00007fff20313000 	/usr/lib/system/libsystem_pthread.dylib
0x00007fff26249000 	/usr/lib/system/libsystem_symptoms.dylib
0x00007fff2008a000 	/usr/lib/system/libsystem_trace.dylib
0x00007fff2a4bd000 	/usr/lib/system/libunwind.dylib
0x00007fff20054000 	/usr/lib/system/libxpc.dylib
0x00007fff202cb000 	/usr/lib/libc++abi.dylib
0x00007fff2a4c8000 	/usr/lib/liboah.dylib
0x00007fff2ab7e000 	/usr/lib/liblzma.5.dylib
0x00007fff20e50000 	/System/Library/Frameworks/SystemConfiguration.framework/Versions/A/SystemConfiguration
0x00007fff2a4fd000 	/usr/lib/libfakelink.dylib
0x00007fff24649000 	/System/Library/Frameworks/CFNetwork.framework/Versions/A/CFNetwork
0x00007fff2a63d000 	/usr/lib/libarchive.2.dylib
0x00007fff20ecd000 	/usr/lib/libCRFSuite.dylib
0x00007fff29cd1000 	/usr/lib/libbsm.0.dylib
0x00007fff24005000 	/usr/lib/libnetwork.dylib
0x00007fff2a502000 	/usr/lib/libpcap.A.dylib
0x00007fff26242000 	/usr/lib/libdns_services.dylib
0x00007fff2ab97000 	/usr/lib/libcoretls_cfhelpers.dylib
0x00007fff2a741000 	/usr/lib/libapple_nghttp2.dylib
0x00007fff2a495000 	/usr/lib/system/libkxld.dylib
0x00007fff25ea8000 	/usr/lib/libsqlite3.dylib
0x00007fff2a20d000 	/System/Library/PrivateFrameworks/AppleFSCompression.framework/Versions/A/AppleFSCompression
0x00007fff29cb9000 	/usr/lib/libcoretls.dylib
0x00007fff2a76e000 	/usr/lib/libpam.2.dylib
0x00007fff2ac94000 	/usr/lib/libxar.1.dylib
0x00007fff28faa000 	/System/Library/PrivateFrameworks/AppleSystemInfo.framework/Versions/A/AppleSystemInfo
0x00007fff298fc000 	/System/Library/PrivateFrameworks/IOMobileFramebuffer.framework/Versions/A/IOMobileFramebuffer
0x00007fff2a21d000 	/usr/lib/libbz2.1.0.dylib
0x00007fff2a53a000 	/usr/lib/libiconv.2.dylib
0x00007fff2a48e000 	/usr/lib/libcharset.1.dylib
0x00007fff27103000 	/System/Library/Frameworks/CoreServices.framework/Versions/A/Frameworks/FSEvents.framework/Versions/A/FSEvents
0x00007fff22782000 	/System/Library/Frameworks/CoreServices.framework/Versions/A/Frameworks/CarbonCore.framework/Versions/A/CarbonCore
0x00007fff2644b000 	/System/Library/Frameworks/CoreServices.framework/Versions/A/Frameworks/Metadata.framework/Versions/A/Metadata
0x00007fff2a230000 	/System/Library/Frameworks/CoreServices.framework/Versions/A/Frameworks/OSServices.framework/Versions/A/OSServices
0x00007fff2a6af000 	/System/Library/Frameworks/CoreServices.framework/Versions/A/Frameworks/SearchKit.framework/Versions/A/SearchKit
0x00007fff261cc000 	/System/Library/Frameworks/CoreServices.framework/Versions/A/Frameworks/AE.framework/Versions/A/AE
0x00007fff2082c000 	/System/Library/Frameworks/CoreServices.framework/Versions/A/Frameworks/LaunchServices.framework/Versions/A/LaunchServices
0x00007fff2ab2f000 	/System/Library/Frameworks/CoreServices.framework/Versions/A/Frameworks/DictionaryServices.framework/Versions/A/DictionaryServices
0x00007fff2710c000 	/System/Library/Frameworks/CoreServices.framework/Versions/A/Frameworks/SharedFileList.framework/Versions/A/SharedFileList
0x00007fff29cad000 	/usr/lib/libCheckFix.dylib
0x00007fff24b6a000 	/System/Library/PrivateFrameworks/TCC.framework/Versions/A/TCC
0x00007fff28fb0000 	/System/Library/PrivateFrameworks/CoreNLP.framework/Versions/A/CoreNLP
0x00007fff263fe000 	/System/Library/PrivateFrameworks/MetadataUtilities.framework/Versions/A/MetadataUtilities
0x00007fff20f03000 	/usr/lib/libmecabra.dylib
0x00007fff29fc0000 	/System/Library/Frameworks/MLCompute.framework/Versions/A/MLCompute
0x00007fff29ce2000 	/usr/lib/libmecab.dylib
0x00007fff29d2c000 	/usr/lib/libgermantok.dylib
0x00007fff2a717000 	/usr/lib/libThaiTokenizer.dylib
0x00007fff2accf000 	/usr/lib/libChineseTokenizer.dylib
0x00007fff2a76c000 	/System/Library/Frameworks/MetalPerformanceShaders.framework/Versions/A/MetalPerformanceShaders
0x00007fff264ed000 	/System/Library/Frameworks/Accelerate.framework/Versions/A/Frameworks/vImage.framework/Versions/A/vImage
0x00007fff2fe9f000 	/System/Library/Frameworks/Accelerate.framework/Versions/A/Frameworks/vecLib.framework/Versions/A/vecLib
0x00007fff2acda000 	/System/Library/Frameworks/Accelerate.framework/Versions/A/Frameworks/vecLib.framework/Versions/A/libvMisc.dylib
0x00007fff29715000 	/System/Library/Frameworks/Accelerate.framework/Versions/A/Frameworks/vecLib.framework/Versions/A/libvDSP.dylib
0x00007fff20b2f000 	/System/Library/Frameworks/Accelerate.framework/Versions/A/Frameworks/vecLib.framework/Versions/A/libBLAS.dylib
0x00007fff2a792000 	/System/Library/Frameworks/Accelerate.framework/Versions/A/Frameworks/vecLib.framework/Versions/A/libLAPACK.dylib
0x00007fff29d32000 	/System/Library/Frameworks/Accelerate.framework/Versions/A/Frameworks/vecLib.framework/Versions/A/libLinearAlgebra.dylib
0x00007fff2a759000 	/System/Library/Frameworks/Accelerate.framework/Versions/A/Frameworks/vecLib.framework/Versions/A/libSparseBLAS.dylib
0x00007fff2a78c000 	/System/Library/Frameworks/Accelerate.framework/Versions/A/Frameworks/vecLib.framework/Versions/A/libQuadrature.dylib
0x00007fff29058000 	/System/Library/Frameworks/Accelerate.framework/Versions/A/Frameworks/vecLib.framework/Versions/A/libBNNS.dylib
0x00007fff20de1000 	/System/Library/Frameworks/Accelerate.framework/Versions/A/Frameworks/vecLib.framework/Versions/A/libSparse.dylib
0x00007fff28f43000 	/System/Library/Frameworks/MetalPerformanceShaders.framework/Versions/A/Frameworks/MPSCore.framework/Versions/A/MPSCore
0x00007fff2a17c000 	/System/Library/Frameworks/MetalPerformanceShaders.framework/Versions/A/Frameworks/MPSImage.framework/Versions/A/MPSImage
0x00007fff29d48000 	/System/Library/Frameworks/MetalPerformanceShaders.framework/Versions/A/Frameworks/MPSNeuralNetwork.framework/Versions/A/MPSNeuralNetwork
0x00007fff2a107000 	/System/Library/Frameworks/MetalPerformanceShaders.framework/Versions/A/Frameworks/MPSMatrix.framework/Versions/A/MPSMatrix
0x00007fff29f70000 	/System/Library/Frameworks/MetalPerformanceShaders.framework/Versions/A/Frameworks/MPSRayIntersector.framework/Versions/A/MPSRayIntersector
0x00007fff2a13e000 	/System/Library/Frameworks/MetalPerformanceShaders.framework/Versions/A/Frameworks/MPSNDArray.framework/Versions/A/MPSNDArray
0x00007fff20a5b000 	/System/Library/PrivateFrameworks/MetalTools.framework/Versions/A/MetalTools
0x00007fff28fa8000 	/System/Library/PrivateFrameworks/AggregateDictionary.framework/Versions/A/AggregateDictionary
0x00007fff263d6000 	/System/Library/PrivateFrameworks/CoreAnalytics.framework/Versions/A/CoreAnalytics
0x00007fff2a719000 	/System/Library/PrivateFrameworks/AppleSauce.framework/Versions/A/AppleSauce
0x00007fff282b3000 	/System/Library/PrivateFrameworks/IOAccelerator.framework/Versions/A/IOAccelerator
0x00007fff6b3a2000 	/System/Library/Frameworks/OpenGL.framework/Versions/A/Libraries/libCoreFSCache.dylib
0x00007fff2149e000 	/System/Library/PrivateFrameworks/LanguageModeling.framework/Versions/A/LanguageModeling
0x00007fff298e9000 	/System/Library/PrivateFrameworks/CoreEmoji.framework/Versions/A/CoreEmoji
0x00007fff29051000 	/System/Library/PrivateFrameworks/LinguisticData.framework/Versions/A/LinguisticData
0x00007fff20d93000 	/System/Library/PrivateFrameworks/Lexicon.framework/Versions/A/Lexicon
0x00007fff2a62b000 	/usr/lib/libcmph.dylib
0x00007fff270e3000 	/System/Library/Frameworks/OpenDirectory.framework/Versions/A/Frameworks/CFOpenDirectory.framework/Versions/A/CFOpenDirectory
0x00007fff270d3000 	/System/Library/Frameworks/OpenDirectory.framework/Versions/A/OpenDirectory
0x00007fff2ab99000 	/System/Library/PrivateFrameworks/APFS.framework/Versions/A/APFS
0x00007fff29c0e000 	/System/Library/Frameworks/SecurityFoundation.framework/Versions/A/SecurityFoundation
0x00007fff2aca2000 	/usr/lib/libutil.dylib
0x00007fff22aa9000 	/System/Library/PrivateFrameworks/CoreServicesStore.framework/Versions/A/CoreServicesStore
0x00007fff29ca5000 	/System/Library/Frameworks/ServiceManagement.framework/Versions/A/ServiceManagement
0x00007fff2aca6000 	/usr/lib/libxslt.1.dylib
0x00007fff29c9b000 	/System/Library/PrivateFrameworks/BackgroundTaskManagement.framework/Versions/A/BackgroundTaskManagement
0x00007fff2bc96000 	/System/Library/Frameworks/ImageIO.framework/Versions/A/Resources/libRadiance.dylib
0x00007fff2bca0000 	/System/Library/Frameworks/ImageIO.framework/Versions/A/Resources/libJPEG.dylib
0x00007fff2bbed000 	/System/Library/Frameworks/ImageIO.framework/Versions/A/Resources/libPng.dylib
0x00007fff2bc14000 	/System/Library/Frameworks/ImageIO.framework/Versions/A/Resources/libTIFF.dylib
0x00007fff2bcf5000 	/System/Library/Frameworks/ImageIO.framework/Versions/A/Resources/libGIF.dylib
0x00007fff2b950000 	/System/Library/Frameworks/ImageIO.framework/Versions/A/Resources/libJP2.dylib
0x00007fff2b03c000 	/usr/lib/libexpat.1.dylib
0x00007fff2b906000 	/System/Library/PrivateFrameworks/AppleJPEG.framework/Versions/A/AppleJPEG
0x00007fff284ee000 	/System/Library/PrivateFrameworks/FontServices.framework/libFontParser.dylib
0x00007fff26180000 	/System/Library/PrivateFrameworks/RunningBoardServices.framework/Versions/A/RunningBoardServices
0x00007fff2ba2f000 	/System/Library/PrivateFrameworks/WatchdogClient.framework/Versions/A/WatchdogClient
0x00007fff2158b000 	/System/Library/Frameworks/CoreDisplay.framework/Versions/A/CoreDisplay
0x00007fff28403000 	/System/Library/Frameworks/CoreMedia.framework/Versions/A/CoreMedia
0x00007fff27260000 	/System/Library/Frameworks/CoreVideo.framework/Versions/A/CoreVideo
0x00007fff2ba67000 	/System/Library/Frameworks/VideoToolbox.framework/Versions/A/VideoToolbox
0x00007fff260fe000 	/System/Library/PrivateFrameworks/BaseBoard.framework/Versions/A/BaseBoard
0x00007fff2b181000 	/System/Library/PrivateFrameworks/PersistentConnection.framework/Versions/A/PersistentConnection
0x00007fff25e91000 	/System/Library/PrivateFrameworks/ProtocolBuffer.framework/Versions/A/ProtocolBuffer
0x00007fff260e5000 	/System/Library/PrivateFrameworks/CommonUtilities.framework/Versions/A/CommonUtilities
0x00007fff2b89b000 	/System/Library/PrivateFrameworks/Bom.framework/Versions/A/Bom
0x00007fff2bc8f000 	/System/Library/PrivateFrameworks/GPUWrangler.framework/Versions/A/GPUWrangler
0x00007fff2bc72000 	/System/Library/PrivateFrameworks/IOPresentment.framework/Versions/A/IOPresentment
0x00007fff2bc9a000 	/System/Library/PrivateFrameworks/DSExternalDisplay.framework/Versions/A/DSExternalDisplay
0x00007fff2bcfa000 	/System/Library/PrivateFrameworks/CMCaptureCore.framework/Versions/A/CMCaptureCore
0x00007fff2b621000 	/System/Library/PrivateFrameworks/AppServerSupport.framework/Versions/A/AppServerSupport
0x00007fff2d6c7000 	/System/Library/PrivateFrameworks/perfdata.framework/Versions/A/perfdata
0x00007fff29bfd000 	/System/Library/PrivateFrameworks/AssertionServices.framework/Versions/A/AssertionServices
0x00007fff216c2000 	/System/Library/PrivateFrameworks/AudioToolboxCore.framework/Versions/A/AudioToolboxCore
0x00007fff283e6000 	/System/Library/PrivateFrameworks/caulk.framework/Versions/A/caulk
0x00007fff3c961000 	/System/Library/PrivateFrameworks/SystemPolicy.framework/Versions/A/SystemPolicy
0x00007fff2ae32000 	/usr/lib/libIOReport.dylib
0x00007fff2cee9000 	/usr/lib/libSMC.dylib
0x00007fff2bbba000 	/usr/lib/libAudioToolboxUtility.dylib
0x00007fff3d2c6000 	/usr/lib/libmis.dylib
0x00007fff6b3fe000 	/System/Library/Frameworks/OpenGL.framework/Versions/A/Libraries/libGLU.dylib
0x00007fff6b3c1000 	/System/Library/Frameworks/OpenGL.framework/Versions/A/Libraries/libGFXShared.dylib
0x00007fff6b5d0000 	/System/Library/Frameworks/OpenGL.framework/Versions/A/Libraries/libGL.dylib
0x00007fff6b3ca000 	/System/Library/Frameworks/OpenGL.framework/Versions/A/Libraries/libGLImage.dylib
0x00007fff6b3be000 	/System/Library/Frameworks/OpenGL.framework/Versions/A/Libraries/libCVMSPluginSupport.dylib
0x00007fff6b3a9000 	/System/Library/Frameworks/OpenGL.framework/Versions/A/Libraries/libCoreVMClient.dylib
0x00007fff6ca11000 	/System/Library/Frameworks/OpenCL.framework/Versions/A/OpenCL
0x00007fff2b1ab000 	/System/Library/PrivateFrameworks/GraphVisualizer.framework/Versions/A/GraphVisualizer
0x00007fff2b1ba000 	/System/Library/PrivateFrameworks/FaceCore.framework/Versions/A/FaceCore
0x00007fff2b5d6000 	/System/Library/PrivateFrameworks/OTSVG.framework/Versions/A/OTSVG
0x00007fff26e57000 	/System/Library/Frameworks/ApplicationServices.framework/Versions/A/Frameworks/ATS.framework/Versions/A/Resources/libFontRegistry.dylib
0x00007fff2b628000 	/System/Library/PrivateFrameworks/FontServices.framework/libhvf.dylib
0x00007fff2afe8000 	/System/Library/PrivateFrameworks/AppleVA.framework/Versions/A/AppleVA
0x00007fff2cd32000 	/System/Library/Frameworks/ApplicationServices.framework/Versions/A/Frameworks/ATS.framework/Versions/A/ATS
0x00007fff2d044000 	/System/Library/Frameworks/ApplicationServices.framework/Versions/A/Frameworks/ColorSyncLegacy.framework/Versions/A/ColorSyncLegacy
0x00007fff2566c000 	/System/Library/Frameworks/ApplicationServices.framework/Versions/A/Frameworks/HIServices.framework/Versions/A/HIServices
0x00007fff2d029000 	/System/Library/Frameworks/ApplicationServices.framework/Versions/A/Frameworks/LangAnalysis.framework/Versions/A/LangAnalysis
0x00007fff2bd04000 	/System/Library/Frameworks/ApplicationServices.framework/Versions/A/Frameworks/PrintCore.framework/Versions/A/PrintCore
0x00007fff2d04c000 	/System/Library/Frameworks/ApplicationServices.framework/Versions/A/Frameworks/QD.framework/Versions/A/QD
0x00007fff2cd22000 	/System/Library/Frameworks/ApplicationServices.framework/Versions/A/Frameworks/SpeechSynthesis.framework/Versions/A/SpeechSynthesis
0x00007fff2bcc5000 	/System/Library/Frameworks/ApplicationServices.framework/Versions/A/Frameworks/ATSUI.framework/Versions/A/ATSUI
0x00007fff2cfc9000 	/usr/lib/libcups.2.dylib
0x00007fff2d039000 	/System/Library/PrivateFrameworks/NetAuth.framework/Versions/A/NetAuth
0x00007fff2d6e3000 	/System/Library/Frameworks/Kerberos.framework/Versions/A/Kerberos
0x00007fff2d6f3000 	/System/Library/Frameworks/GSS.framework/Versions/A/GSS
0x00007fff2cd9e000 	/usr/lib/libresolv.9.dylib
0x00007fff2b63d000 	/System/Library/PrivateFrameworks/Heimdal.framework/Versions/A/Heimdal
0x00007fff3345a000 	/System/Library/Frameworks/Kerberos.framework/Versions/A/Libraries/libHeimdalProxy.dylib
0x00007fff26251000 	/System/Library/Frameworks/Network.framework/Versions/A/Network
0x00007fff2b056000 	/usr/lib/libheimdal-asn1.dylib
0x00007fff2d743000 	/System/Library/PrivateFrameworks/CommonAuth.framework/Versions/A/CommonAuth
0x00007fff272ad000 	/System/Library/PrivateFrameworks/login.framework/Versions/A/Frameworks/loginsupport.framework/Versions/A/loginsupport
0x00007fff2cca7000 	/System/Library/PrivateFrameworks/AudioSession.framework/Versions/A/AudioSession
0x00007fff2cd0f000 	/usr/lib/libAudioStatistics.dylib
0x00007fff2b0e3000 	/System/Library/PrivateFrameworks/MediaExperience.framework/Versions/A/MediaExperience
0x00007fff2cb45000 	/System/Library/PrivateFrameworks/AudioSession.framework/libSessionUtility.dylib
0x00007fff2d6d4000 	/usr/lib/libperfcheck.dylib
0x00007fff2d058000 	/System/Library/PrivateFrameworks/AudioResourceArbitration.framework/Versions/A/AudioResourceArbitration
0x00007fff2b060000 	/System/Library/PrivateFrameworks/IconFoundation.framework/Versions/A/IconFoundation
0x00007fff2fb69000 	/System/Library/PrivateFrameworks/SpeechRecognitionCore.framework/Versions/A/SpeechRecognitionCore
0x0000000111800000 	/Library/Java/JavaVirtualMachines/adoptopenjdk-8.jdk/Contents/Home/jre/lib/server/libjvm.dylib
0x00007fff78a8f000 	/usr/lib/libstdc++.6.dylib
0x0000000112336000 	/Library/Java/JavaVirtualMachines/adoptopenjdk-8.jdk/Contents/Home/jre/lib/libverify.dylib
0x0000000112347000 	/Library/Java/JavaVirtualMachines/adoptopenjdk-8.jdk/Contents/Home/jre/lib/libjava.dylib
0x0000000112382000 	/Library/Java/JavaVirtualMachines/adoptopenjdk-8.jdk/Contents/Home/jre/lib/libinstrument.dylib
0x00000001123e7000 	/Library/Java/JavaVirtualMachines/adoptopenjdk-8.jdk/Contents/Home/jre/lib/libzip.dylib
0x0000000115117000 	/Library/Java/JavaVirtualMachines/adoptopenjdk-8.jdk/Contents/Home/jre/lib/libnio.dylib
0x000000011512b000 	/Library/Java/JavaVirtualMachines/adoptopenjdk-8.jdk/Contents/Home/jre/lib/libnet.dylib
0x000000014a3a5000 	/private/var/folders/vx/3lqyp0d50sqf1xjx2zfvtzq00000gn/T/lwjglluke/3.2.3-build-13/liblwjgl.dylib
0x000000014a3cd000 	/private/var/folders/vx/3lqyp0d50sqf1xjx2zfvtzq00000gn/T/lwjglluke/3.2.3-build-13/libjemalloc.dylib
0x000000014a64d000 	/Library/Java/JavaVirtualMachines/adoptopenjdk-8.jdk/Contents/Home/jre/lib/libawt.dylib
0x000000014a6fd000 	/Library/Java/JavaVirtualMachines/adoptopenjdk-8.jdk/Contents/Home/jre/lib/libmlib_image.dylib
0x00007fff6e435000 	/System/Library/Frameworks/JavaNativeFoundation.framework/Versions/A/JavaNativeFoundation
0x00007fff6e441000 	/System/Library/Frameworks/JavaRuntimeSupport.framework/Versions/A/JavaRuntimeSupport
0x00007fff3c6e3000 	/System/Library/Frameworks/Carbon.framework/Versions/A/Carbon
0x00007fff31b49000 	/System/Library/PrivateFrameworks/CoreSymbolication.framework/Versions/A/CoreSymbolication
0x00007fff36349000 	/System/Library/Frameworks/Carbon.framework/Versions/A/Frameworks/CommonPanels.framework/Versions/A/CommonPanels
0x00007fff32f19000 	/System/Library/Frameworks/Carbon.framework/Versions/A/Frameworks/Help.framework/Versions/A/Help
0x00007fff3634d000 	/System/Library/Frameworks/Carbon.framework/Versions/A/Frameworks/ImageCapture.framework/Versions/A/ImageCapture
0x00007fff36325000 	/System/Library/Frameworks/Carbon.framework/Versions/A/Frameworks/OpenScripting.framework/Versions/A/OpenScripting
0x00007fff36345000 	/System/Library/Frameworks/Carbon.framework/Versions/A/Frameworks/Ink.framework/Versions/A/Ink
0x00007fff3c6df000 	/System/Library/Frameworks/Carbon.framework/Versions/A/Frameworks/Print.framework/Versions/A/Print
0x00007fff36341000 	/System/Library/Frameworks/Carbon.framework/Versions/A/Frameworks/SecurityHI.framework/Versions/A/SecurityHI
0x00007fff31b0c000 	/System/Library/PrivateFrameworks/DebugSymbols.framework/Versions/A/DebugSymbols
0x000000014ae00000 	/Library/Java/JavaVirtualMachines/adoptopenjdk-8.jdk/Contents/Home/jre/lib/libawt_lwawt.dylib
0x000000014a7d0000 	/Library/Java/JavaVirtualMachines/adoptopenjdk-8.jdk/Contents/Home/jre/lib/libosxapp.dylib
0x00007fff3bd6b000 	/System/Library/Frameworks/ExceptionHandling.framework/Versions/A/ExceptionHandling
0x00007fff22a6a000 	/System/Library/PrivateFrameworks/CoreServicesInternal.framework/Versions/A/CoreServicesInternal
0x00007fff3106f000 	/System/Library/Frameworks/FileProvider.framework/Versions/A/FileProvider
0x00007fff26068000 	/System/Library/Frameworks/Accounts.framework/Versions/A/Accounts
0x00007fff31190000 	/System/Library/PrivateFrameworks/GenerationalStorage.framework/Versions/A/GenerationalStorage
0x00007fff30a8e000 	/System/Library/PrivateFrameworks/SymptomDiagnosticReporter.framework/Versions/A/SymptomDiagnosticReporter
0x00007fff2e380000 	/System/Library/PrivateFrameworks/AppContainer.framework/Versions/A/AppContainer
0x00007fff23bae000 	/System/Library/PrivateFrameworks/DesktopServicesPriv.framework/Versions/A/DesktopServicesPriv
0x00007fff22b9e000 	/usr/lib/libsandbox.1.dylib
0x00007fff272d9000 	/System/Library/PrivateFrameworks/UserManagement.framework/Versions/A/UserManagement
0x00007fff29bda000 	/System/Library/PrivateFrameworks/MobileKeyBag.framework/Versions/A/MobileKeyBag
0x00007fff344c5000 	/System/Library/PrivateFrameworks/ChunkingLibrary.framework/Versions/A/ChunkingLibrary
0x00007fff2e395000 	/System/Library/PrivateFrameworks/SecCodeWrapper.framework/Versions/A/SecCodeWrapper
0x00007fff2ae3a000 	/System/Library/PrivateFrameworks/CrashReporterSupport.framework/Versions/A/CrashReporterSupport
0x00007fff47761000 	/System/Library/PrivateFrameworks/OSAnalytics.framework/Versions/A/OSAnalytics
0x00007fff7837b000 	/usr/lib/libRosetta.dylib
0x00007fff32eaa000 	/System/Library/PrivateFrameworks/RemoteServiceDiscovery.framework/Versions/A/RemoteServiceDiscovery
0x00007fff51231000 	/System/Library/PrivateFrameworks/Symbolication.framework/Versions/A/Symbolication
0x00007fff32eba000 	/System/Library/PrivateFrameworks/RemoteXPC.framework/Versions/A/RemoteXPC
0x00007fff391af000 	/System/Library/PrivateFrameworks/OSAServicesClient.framework/Versions/A/OSAServicesClient
0x00007fff3d2a5000 	/System/Library/PrivateFrameworks/MallocStackLogging.framework/Versions/A/MallocStackLogging
0x00007fff2e118000 	/System/Library/PrivateFrameworks/Sharing.framework/Versions/A/Sharing
0x00007fff32a87000 	/System/Library/PrivateFrameworks/Apple80211.framework/Versions/A/Apple80211
0x00007fff2a25e000 	/System/Library/PrivateFrameworks/AuthKit.framework/Versions/A/AuthKit
0x00007fff299da000 	/System/Library/PrivateFrameworks/CoreUtils.framework/Versions/A/CoreUtils
0x00007fff29907000 	/System/Library/Frameworks/CoreWLAN.framework/Versions/A/CoreWLAN
0x00007fff2e25f000 	/System/Library/Frameworks/IOBluetooth.framework/Versions/A/IOBluetooth
0x00007fff32aeb000 	/System/Library/PrivateFrameworks/CoreWiFi.framework/Versions/A/CoreWiFi
0x00007fff2d7c9000 	/System/Library/PrivateFrameworks/CorePhoneNumbers.framework/Versions/A/CorePhoneNumbers
0x00007fff30b96000 	/System/Library/PrivateFrameworks/DiskManagement.framework/Versions/A/DiskManagement
0x00007fff30aac000 	/System/Library/PrivateFrameworks/AppleIDAuthSupport.framework/Versions/A/AppleIDAuthSupport
0x00007fff2d7a6000 	/System/Library/PrivateFrameworks/KeychainCircle.framework/Versions/A/KeychainCircle
0x00007fff30b62000 	/System/Library/PrivateFrameworks/MediaKit.framework/Versions/A/MediaKit
0x00007fff30ab9000 	/System/Library/Frameworks/DiscRecording.framework/Versions/A/DiscRecording
0x00007fff2af5c000 	/usr/lib/libCoreStorage.dylib
0x00007fff32f25000 	/usr/lib/libcsfde.dylib
0x00007fff2e399000 	/System/Library/PrivateFrameworks/ProtectedCloudStorage.framework/Versions/A/ProtectedCloudStorage
0x00007fff32f1d000 	/System/Library/PrivateFrameworks/EFILogin.framework/Versions/A/EFILogin
0x00007fff3350d000 	/System/Library/Frameworks/AudioUnit.framework/Versions/A/AudioUnit
0x00007fff309f8000 	/System/Library/Frameworks/CoreBluetooth.framework/Versions/A/CoreBluetooth
0x00007fff2af54000 	/usr/lib/libMatch.1.dylib
0x00007fff43483000 	/System/Library/CoreServices/RawCamera.bundle/Contents/MacOS/RawCamera
0x00007fff2d754000 	/System/Library/PrivateFrameworks/MobileAsset.framework/Versions/A/MobileAsset
0x00007fff33532000 	/System/Library/PrivateFrameworks/StreamingZip.framework/Versions/A/StreamingZip
0x00007fff2befd000 	/System/Library/Frameworks/MediaToolbox.framework/Versions/A/MediaToolbox
0x00007fff31041000 	/System/Library/PrivateFrameworks/CoreAVCHD.framework/Versions/A/CoreAVCHD
0x00007fff301d5000 	/System/Library/Frameworks/MediaAccessibility.framework/Versions/A/MediaAccessibility
0x00007fff3103d000 	/System/Library/PrivateFrameworks/Mangrove.framework/Versions/A/Mangrove
0x00007fff301e1000 	/System/Library/PrivateFrameworks/AlgosScoreFramework.framework/Versions/A/AlgosScoreFramework
0x00007fff319fc000 	/System/Library/PrivateFrameworks/AppleVPA.framework/Versions/A/AppleVPA
0x00007fff30c82000 	/System/Library/PrivateFrameworks/CoreAUC.framework/Versions/A/CoreAUC
0x00007fff40e7a000 	/System/Library/Frameworks/Accelerate.framework/Versions/A/Frameworks/vImage.framework/Versions/A/Libraries/libCGInterfaces.dylib
0x000000014ca64000 	/usr/lib/libobjc-trampolines.dylib
0x00007fff35331000 	/System/Library/PrivateFrameworks/FamilyControls.framework/Versions/A/FamilyControls
0x00007fff35355000 	/System/Library/PrivateFrameworks/CommerceKit.framework/Versions/A/Frameworks/CommerceCore.framework/Versions/A/CommerceCore
0x00007fff30212000 	/System/Library/PrivateFrameworks/SystemAdministration.framework/Versions/A/SystemAdministration
0x00007fff2fb31000 	/System/Library/Frameworks/DirectoryService.framework/Versions/A/DirectoryService
0x00007fff32dc3000 	/System/Library/PrivateFrameworks/DiskImages.framework/Versions/A/DiskImages
0x00007fff32f97000 	/System/Library/PrivateFrameworks/LoginUIKit.framework/Versions/A/Frameworks/LoginUICore.framework/Versions/A/LoginUICore
0x00007fff2b897000 	/usr/lib/libodfde.dylib
0x00007fff32f31000 	/usr/lib/libcurl.4.dylib
0x00007fff32c91000 	/usr/lib/libcrypto.44.dylib
0x00007fff32d95000 	/usr/lib/libssl.46.dylib
0x00007fff32c57000 	/System/Library/Frameworks/LDAP.framework/Versions/A/LDAP
0x00007fff32c8f000 	/System/Library/PrivateFrameworks/TrustEvaluationAgent.framework/Versions/A/TrustEvaluationAgent
0x00007fff2cdb7000 	/usr/lib/libsasl2.2.dylib
0x00007fff30206000 	/System/Library/PrivateFrameworks/CoreDaemon.framework/Versions/B/CoreDaemon
0x00007fff30201000 	/System/Library/PrivateFrameworks/AppleSRP.framework/Versions/A/AppleSRP
0x00007fff26fdb000 	/System/Library/PrivateFrameworks/ViewBridge.framework/Versions/A/ViewBridge
0x00007fff2b6fe000 	/System/Library/PrivateFrameworks/login.framework/Versions/A/login
0x000000014e12d000 	/Library/Java/JavaVirtualMachines/adoptopenjdk-8.jdk/Contents/Home/jre/lib/libfontmanager.dylib
0x000000014e19d000 	/Library/Java/JavaVirtualMachines/adoptopenjdk-8.jdk/Contents/Home/jre/lib/libfreetype.6.dylib
0x000000014d87a000 	/private/var/folders/vx/3lqyp0d50sqf1xjx2zfvtzq00000gn/T/lwjglluke/3.2.3-build-13/libopenvr_api.dylib
0x000000014e477000 	/Library/Java/JavaVirtualMachines/adoptopenjdk-8.jdk/Contents/Home/jre/lib/libmanagement.dylib
0x00007fff6b5db000 	/System/Library/Frameworks/OpenGL.framework/Versions/A/Resources/GLEngine.bundle/GLEngine
0x00007fff6b43b000 	/System/Library/Frameworks/OpenGL.framework/Versions/A/Libraries/libGLProgrammability.dylib
0x00007fff5e65f000 	/System/Library/Extensions/AppleIntelKBLGraphicsGLDriver.bundle/Contents/MacOS/AppleIntelKBLGraphicsGLDriver
0x00007fff46104000 	/System/Library/PrivateFrameworks/GPUSupport.framework/Versions/A/Libraries/libGPUSupportMercury.dylib
0x000000014e9d7000 	/System/Library/Extensions/AMDRadeonX6000GLDriver.bundle/Contents/MacOS/AMDRadeonX6000GLDriver
0x00007fff6dc99000 	/System/Library/Extensions/AMDRadeonX6000GLDriver.bundle/Contents/MacOS/ATIRadeonX6000SCLib.dylib
0x00007fff5d917000 	/System/Library/Extensions/AMDShared.bundle/Contents/PlugIns/libSC.dylib
0x00007fff6b757000 	/System/Library/Frameworks/OpenGL.framework/Versions/A/Resources/GLRendererFloat.bundle/GLRendererFloat
0x000000014ec01000 	/Library/Java/JavaVirtualMachines/adoptopenjdk-8.jdk/Contents/Home/jre/lib/libosxui.dylib
0x000000014f42a000 	/Library/Java/JavaVirtualMachines/adoptopenjdk-8.jdk/Contents/Home/jre/lib/libosx.dylib
0x00007fff5d486000 	/System/Library/Extensions/AppleIntelKBLGraphicsMTLDriver.bundle/Contents/MacOS/AppleIntelKBLGraphicsMTLDriver
0x00007fff3d2d9000 	/System/Library/PrivateFrameworks/GPURawCounter.framework/Versions/A/GPURawCounter
0x00000001c00bd000 	/System/Library/Extensions/AMDRadeonX6000MTLDriver.bundle/Contents/MacOS/AMDRadeonX6000MTLDriver
0x00007fff40a42000 	/System/Library/PrivateFrameworks/IOAccelMemoryInfo.framework/Versions/A/IOAccelMemoryInfo
0x00007fff68f34000 	/System/Library/PrivateFrameworks/GPUCompiler.framework/Versions/31001/Libraries/libmetal_timestamp.dylib
0x00007fff27497000 	/System/Library/PrivateFrameworks/CloudDocs.framework/Versions/A/CloudDocs
0x00007fff341e9000 	/System/Library/PrivateFrameworks/SpotlightIndex.framework/Versions/A/SpotlightIndex
0x00007fff30a98000 	/System/Library/PrivateFrameworks/PowerLog.framework/Versions/A/PowerLog
0x00007fff23d39000 	/System/Library/PrivateFrameworks/SpotlightLinguistics.framework/Versions/A/SpotlightLinguistics
0x00000001c18e9000 	/private/var/folders/vx/3lqyp0d50sqf1xjx2zfvtzq00000gn/T/spirvcrossj-natives-tmp485553908746408430/libspirvcrossj.jnilib
0x00000001bcdc3000 	/private/var/folders/vx/3lqyp0d50sqf1xjx2zfvtzq00000gn/T/jogamp_0000/file_cache/jln8883133319472696309/jln2985149884353221668/natives/macosx-universal/libgluegen-rt.jnilib
0x00000001bcdc7000 	/private/var/folders/vx/3lqyp0d50sqf1xjx2zfvtzq00000gn/T/jogamp_0000/file_cache/jln8883133319472696309/jln2985149884353221668/natives/macosx-universal/libnativewindow_awt.jnilib
0x00000001be9df000 	/Library/Java/JavaVirtualMachines/adoptopenjdk-8.jdk/Contents/Home/jre/lib/libjawt.dylib
0x00000001be9e6000 	/private/var/folders/vx/3lqyp0d50sqf1xjx2zfvtzq00000gn/T/jogamp_0000/file_cache/jln8883133319472696309/jln2985149884353221668/natives/macosx-universal/libnativewindow_macosx.jnilib
0x00000001bf3d9000 	/private/var/folders/vx/3lqyp0d50sqf1xjx2zfvtzq00000gn/T/jogamp_0000/file_cache/jln8883133319472696309/jln2985149884353221668/natives/macosx-universal/libjogl_desktop.jnilib
0x00000001bf4ad000 	/private/var/folders/vx/3lqyp0d50sqf1xjx2zfvtzq00000gn/T/jogamp_0000/file_cache/jln8883133319472696309/jln2985149884353221668/natives/macosx-universal/libjogl_mobile.jnilib
0x00000001be9f0000 	/private/var/folders/vx/3lqyp0d50sqf1xjx2zfvtzq00000gn/T/jogamp_0000/file_cache/jln8883133319472696309/jln2985149884353221668/natives/macosx-universal/libnewt.jnilib
0x000000014c64e000 	/private/var/folders/vx/3lqyp0d50sqf1xjx2zfvtzq00000gn/T/scenery-natives-tmp1544572349135199704/libjinput-osx.dylib
0x00007fff6e449000 	/System/Library/Frameworks/JavaVM.framework/Versions/A/JavaVM
0x000000014c91f000 	/System/Library/Extensions/IOHIDFamily.kext/Contents/PlugIns/IOHIDLib.plugin/Contents/MacOS/IOHIDLib
0x00007fff3d110000 	/System/Library/PrivateFrameworks/HIDAnalytics.framework/Versions/A/HIDAnalytics
0x000000014c991000 	/private/var/folders/vx/3lqyp0d50sqf1xjx2zfvtzq00000gn/T/jffi4813013682060924137.dylib

VM Arguments:
jvm_args: -ea -Djacoco-agent.destfile=/Users/luke/IdeaProjects/scenery-dimensional_reduction/target/jacoco.exec -Didea.test.cyclic.buffer.size=1048576 -javaagent:/Applications/IntelliJ IDEA CE.app/Contents/lib/idea_rt.jar=51526:/Applications/IntelliJ IDEA CE.app/Contents/bin -Dfile.encoding=UTF-8 
java_command: com.intellij.rt.junit.JUnitStarter -ideVersion5 -junit4 graphics.scenery.dimensionalreduction.TSNEVisualization
java_class_path (initial): /Applications/IntelliJ IDEA CE.app/Contents/lib/idea_rt.jar:/Applications/IntelliJ IDEA CE.app/Contents/plugins/junit/lib/junit5-rt.jar:/Applications/IntelliJ IDEA CE.app/Contents/plugins/junit/lib/junit-rt.jar:/Library/Java/JavaVirtualMachines/adoptopenjdk-8.jdk/Contents/Home/jre/lib/charsets.jar:/Library/Java/JavaVirtualMachines/adoptopenjdk-8.jdk/Contents/Home/jre/lib/ext/cldrdata.jar:/Library/Java/JavaVirtualMachines/adoptopenjdk-8.jdk/Contents/Home/jre/lib/ext/dnsns.jar:/Library/Java/JavaVirtualMachines/adoptopenjdk-8.jdk/Contents/Home/jre/lib/ext/jaccess.jar:/Library/Java/JavaVirtualMachines/adoptopenjdk-8.jdk/Contents/Home/jre/lib/ext/localedata.jar:/Library/Java/JavaVirtualMachines/adoptopenjdk-8.jdk/Contents/Home/jre/lib/ext/nashorn.jar:/Library/Java/JavaVirtualMachines/adoptopenjdk-8.jdk/Contents/Home/jre/lib/ext/sunec.jar:/Library/Java/JavaVirtualMachines/adoptopenjdk-8.jdk/Contents/Home/jre/lib/ext/sunjce_provider.jar:/Library/Java/JavaVirtualMachines/adoptopenjdk-8.jdk/Contents/Home/jre/lib/ext/sunpkcs11.jar:/Library/Java/JavaVirtualMachines/adoptopenjdk-8.jdk/Contents/Home/jre/lib/ext/zipfs.jar:/Library/Java/JavaVirtualMachines/adoptopenjdk-8.jdk/Contents/Home/jre/lib/jce.jar:/Library/Java/JavaVirtualMachines/adoptopenjdk-8.jdk/Contents/Home/jre/lib/jsse.jar:/Library/Java/JavaVirtualMachines/adoptopenjdk-8.jdk/Contents/Home/jre/lib/management-agent.jar:/Library/Java/JavaVirtualMachines/adoptopenjdk-8.jdk/Contents/Home/jre/lib/resources.jar:/Library/Java/JavaVirtualMachines/adoptopenjdk-8.jdk/Contents/Home/jre/lib/rt.jar:/Library/Java/JavaVirtualMachines/adoptopenjdk-8.jdk/Contents/Home/lib/dt.jar:/Library/Java/JavaVirtualMachines/adoptopenjdk-8.jdk/Contents/Home/lib/jconsole.jar:/Library/Java/JavaVirtualMachines/adoptopenjdk-8.jdk/Contents/Home/lib/sa-jdi.jar:/Library/Java/JavaVirtualMachines/adoptopenjdk-8.jdk/Contents/Home/lib/tools.jar:/Users/luke/IdeaProjects/scenery-dimensional_reduction/target/test-classes:/Users/luke
Launcher Type: SUN_STANDARD

Environment Variables:
PATH=/usr/local/bin:/usr/bin:/bin:/usr/sbin:/sbin:/Library/TeX/texbin:/Library/Apple/usr/bin:/Users/luke/bin
SHELL=/bin/zsh

Signal Handlers:
SIGSEGV: [libjvm.dylib+0x588183], sa_mask[0]=11111111011111110111111111111111, sa_flags=SA_ONSTACK|SA_RESTART|SA_SIGINFO
SIGBUS: [libjvm.dylib+0x588183], sa_mask[0]=11111111011111110111111111111111, sa_flags=SA_RESTART|SA_SIGINFO
SIGFPE: [libjvm.dylib+0x46288c], sa_mask[0]=11111111011111110111111111111111, sa_flags=SA_RESTART|SA_SIGINFO
SIGPIPE: [libjvm.dylib+0x46288c], sa_mask[0]=11111111011111110111111111111111, sa_flags=SA_RESTART|SA_SIGINFO
SIGXFSZ: [libjvm.dylib+0x46288c], sa_mask[0]=11111111011111110111111111111111, sa_flags=SA_RESTART|SA_SIGINFO
SIGILL: [libjvm.dylib+0x46288c], sa_mask[0]=11111111011111110111111111111111, sa_flags=SA_RESTART|SA_SIGINFO
SIGUSR1: SIG_DFL, sa_mask[0]=00000000000000000000000000000000, sa_flags=none
SIGUSR2: [libjvm.dylib+0x4623aa], sa_mask[0]=00100000000000000000000000000000, sa_flags=SA_RESTART|SA_SIGINFO
SIGHUP: [libjvm.dylib+0x460935], sa_mask[0]=11111111011111110111111111111111, sa_flags=SA_RESTART|SA_SIGINFO
SIGINT: [libjvm.dylib+0x460935], sa_mask[0]=11111111011111110111111111111111, sa_flags=SA_RESTART|SA_SIGINFO
SIGTERM: [libjvm.dylib+0x460935], sa_mask[0]=11111111011111110111111111111111, sa_flags=SA_RESTART|SA_SIGINFO
SIGQUIT: [libjvm.dylib+0x460935], sa_mask[0]=11111111011111110111111111111111, sa_flags=SA_RESTART|SA_SIGINFO


---------------  S Y S T E M  ---------------

OS:Bsduname:Darwin 20.1.0 Darwin Kernel Version 20.1.0: Sat Oct 31 00:07:11 PDT 2020; root:xnu-7195.50.7~2/RELEASE_X86_64 x86_64
rlimit: STACK 8192k, CORE 0k, NPROC 11136, NOFILE 10240, AS infinity
load average:7.35 3.82 2.56

CPU:total 16 (initial active 16) (8 cores per cpu, 2 threads per core) family 6 model 158 stepping 13, cmov, cx8, fxsr, mmx, sse, sse2, sse3, ssse3, sse4.1, sse4.2, popcnt, avx, avx2, aes, clmul, erms, 3dnowpref, lzcnt, ht, tsc, tscinvbit, bmi1, bmi2, adx

Memory: 4k page, physical 67108864k(3043856k free)

/proc/meminfo:


vm_info: OpenJDK 64-Bit Server VM (25.242-b08) for bsd-amd64 JRE (1.8.0_242-b08), built on Jan 19 2020 06:43:11 by "jenkins" with gcc 4.2.1 (Based on Apple Inc. build 5658) (LLVM build 2336.11.00)

time: Wed Nov 25 10:20:04 2020
timezone: PST
elapsed time: 14 seconds (0d 0h 0m 14s)

